\BOOKMARK [0][-]{chapter*.5}{Abstract}{}% 1
\BOOKMARK [0][-]{chapter*.6}{Acknowledgements}{}% 2
\BOOKMARK [0][-]{chapter*.7}{Table of Definitions}{}% 3
\BOOKMARK [0][-]{chapter.1}{Chapter 1: Introduction}{}% 4
\BOOKMARK [1][-]{section.1.1}{Dissertation aims}{chapter.1}% 5
\BOOKMARK [1][-]{section.1.2}{Dissertation structure}{chapter.1}% 6
\BOOKMARK [2][-]{subsection.1.2.1}{Chapter highlights and chronology}{section.1.2}% 7
\BOOKMARK [2][-]{subsection.1.2.2}{Software Appendices}{section.1.2}% 8
\BOOKMARK [0][-]{chapter.2}{Chapter 2: A Brief Overview of the Ecological Regime Detection Literature}{}% 9
\BOOKMARK [1][-]{section.2.1}{Introduction}{chapter.2}% 10
\BOOKMARK [2][-]{subsection.2.1.1}{Aims}{section.2.1}% 11
\BOOKMARK [1][-]{section.2.2}{Methods}{chapter.2}% 12
\BOOKMARK [2][-]{subsection.2.2.1}{Identifying candidate articles and regime detection measures}{section.2.2}% 13
\BOOKMARK [2][-]{section*.11}{Bibliographic analysis of ecological regime shift literature}{section.2.2}% 14
\BOOKMARK [1][-]{section.2.3}{Results}{chapter.2}% 15
\BOOKMARK [2][-]{subsection.2.3.1}{Quantitative methods for identifying ecological regime shifts}{section.2.3}% 16
\BOOKMARK [2][-]{subsection.2.3.2}{Bibliographic analysis of ecological regime shift literature}{section.2.3}% 17
\BOOKMARK [1][-]{section.2.4}{A synthesis of the methods available for the practical ecologist}{chapter.2}% 18
\BOOKMARK [2][-]{subsection.2.4.1}{Model-depdendent}{section.2.4}% 19
\BOOKMARK [2][-]{subsection.2.4.2}{Model-free}{section.2.4}% 20
\BOOKMARK [1][-]{section.2.5}{Discussion}{chapter.2}% 21
\BOOKMARK [0][-]{chapter.3}{Chapter 3: Deconstructing the steps for calculating Fisher Information as a measure of abrupt change in ecological systems}{}% 22
\BOOKMARK [1][-]{section.3.1}{Abstract}{chapter.3}% 23
\BOOKMARK [1][-]{section.3.2}{Introduction}{chapter.3}% 24
\BOOKMARK [2][-]{subsection.3.2.1}{Fisher Information as a Regime Detection Method}{section.3.2}% 25
\BOOKMARK [2][-]{subsection.3.2.2}{The Sustainable Regimes Hypothesis}{section.3.2}% 26
\BOOKMARK [2][-]{subsection.3.2.3}{Fisher Information Requires Dimension Reduction}{section.3.2}% 27
\BOOKMARK [2][-]{subsection.3.2.4}{Aims}{section.3.2}% 28
\BOOKMARK [1][-]{section.3.3}{Methods}{chapter.3}% 29
\BOOKMARK [2][-]{subsection.3.3.1}{Predator-Prey Model System}{section.3.3}% 30
\BOOKMARK [2][-]{subsection.3.3.2}{Inducing a Regime Shift}{section.3.3}% 31
\BOOKMARK [2][-]{subsection.3.3.3}{Decoupling the Steps for Calculating Fisher Information}{section.3.3}% 32
\BOOKMARK [1][-]{section.3.4}{Discussion}{chapter.3}% 33
\BOOKMARK [1][-]{section.3.5}{Acknowledgements}{chapter.3}% 34
\BOOKMARK [0][-]{chapter.4}{Chapter 4: An application of Fisher Information to bird community data does not reveal distinct regimes in the continental United States}{}% 35
\BOOKMARK [1][-]{section.4.1}{Introduction}{chapter.4}% 36
\BOOKMARK [1][-]{section.4.2}{Data and methods}{chapter.4}% 37
\BOOKMARK [2][-]{subsection.4.2.1}{Data: North American breeding bird communities}{section.4.2}% 38
\BOOKMARK [2][-]{subsection.4.2.2}{Calculating Fisher Information \(FI\)}{section.4.2}% 39
\BOOKMARK [2][-]{subsection.4.2.3}{Interpreting and comparing Fisher Information across spatial transects}{section.4.2}% 40
\BOOKMARK [1][-]{section.4.3}{Results}{chapter.4}% 41
\BOOKMARK [2][-]{subsection.4.3.1}{Fisher Information across spatial transects}{section.4.3}% 42
\BOOKMARK [2][-]{subsection.4.3.2}{Spatial correlation of Fisher Information}{section.4.3}% 43
\BOOKMARK [1][-]{section.4.4}{Discussion}{chapter.4}% 44
\BOOKMARK [0][-]{chapter.5}{Chapter 5: Velocity \(v\): using rate-of-change of system trajectory to identify abrupt changes}{}% 45
\BOOKMARK [1][-]{section.5.1}{Introduction}{chapter.5}% 46
\BOOKMARK [2][-]{subsection.5.1.1}{Tracking ecosystem trajectory through time to explore system dynamics}{section.5.1}% 47
\BOOKMARK [2][-]{subsection.5.1.2}{Rate of change as an indicator of abrupt change in the system trajectory}{section.5.1}% 48
\BOOKMARK [2][-]{subsection.5.1.3}{Aims}{section.5.1}% 49
\BOOKMARK [2][-]{subsection.5.1.4}{Analyt