This is pdfTeX, Version 3.14159265-2.6-1.40.19 (TeX Live 2018) (preloaded format=pdflatex 2018.4.16)  3 AUG 2019 11:33
entering extended mode
 restricted \write18 enabled.
 %&-line parsing enabled.
**_myDissertation.tex
(./_myDissertation.tex
LaTeX2e <2018-04-01> patch level 2
Babel <3.18> and hyphenation patterns for 84 language(s) loaded.
(./nuthesis.cls
Document Class: nuthesis 2017/10/12 v0.7.2 University of Nebraska Thesis class
(/usr/local/texlive/2018/texmf-dist/tex/latex/base/ifthen.sty
Package: ifthen 2014/09/29 v1.1c Standard LaTeX ifthen package (DPC)
) (/usr/local/texlive/2018/texmf-dist/tex/latex/graphics/keyval.sty
Package: keyval 2014/10/28 v1.15 key=value parser (DPC)
\KV@toks@=\toks14
) (/usr/local/texlive/2018/texmf-dist/tex/latex/setspace/setspace.sty
Package: setspace 2011/12/19 v6.7a set line spacing
) (/usr/local/texlive/2018/texmf-dist/tex/latex/koma-script/scrtime.sty
Package: scrtime 2018/03/30 v3.25 KOMA-Script package (time of LaTeX run)
(/usr/local/texlive/2018/texmf-dist/tex/latex/koma-script/scrkbase.sty
Package: scrkbase 2018/03/30 v3.25 KOMA-Script package (KOMA-Script-dependent b
asics and keyval usage)
(/usr/local/texlive/2018/texmf-dist/tex/latex/koma-script/scrbase.sty
Package: scrbase 2018/03/30 v3.25 KOMA-Script package (KOMA-Script-independent 
basics and keyval usage)
(/usr/local/texlive/2018/texmf-dist/tex/latex/koma-script/scrlfile.sty
Package: scrlfile 2018/03/30 v3.25 KOMA-Script package (loading files)
)))) (/usr/local/texlive/2018/texmf-dist/tex/latex/memoir/memoir.cls
Document Class: memoir 2018/04/04 v3.7g configurable book, report, article docu
ment class
\onelineskip=\skip41
\lxvchars=\skip42
\xlvchars=\skip43
\@memcnta=\count80
\c@@memmarkcntra=\count81
(/usr/local/texlive/2018/texmf-dist/tex/generic/oberdiek/ifpdf.sty
Package: ifpdf 2017/03/15 v3.2 Provides the ifpdf switch
) (/usr/local/texlive/2018/texmf-dist/tex/latex/ifetex/ifetex.sty
Package: ifetex 2018/03/31 v1.2a ifetex
(/usr/local/texlive/2018/texmf-dist/tex/plain/ifetex/ifetex.tex)) (/usr/local/t
exlive/2018/texmf-dist/tex/generic/ifxetex/ifxetex.sty
Package: ifxetex 2010/09/12 v0.6 Provides ifxetex conditional
) (/usr/local/texlive/2018/texmf-dist/tex/generic/oberdiek/ifluatex.sty
Package: ifluatex 2016/05/16 v1.4 Provides the ifluatex switch (HO)
Package ifluatex Info: LuaTeX not detected.
)
\stockheight=\skip44
\stockwidth=\skip45
\trimtop=\skip46
\trimedge=\skip47
(/usr/local/texlive/2018/texmf-dist/tex/latex/memoir/mem12.clo
File: mem12.clo 2010/10/19 v0.4b memoir class 12pt size option
)
\binding=\skip48
\spinemargin=\skip49
\foremargin=\skip50
\uppermargin=\skip51
\lowermargin=\skip52
\headdrop=\skip53
\normalrulethickness=\skip54
\mem@maxheadheight=\skip55
\mem@maxfootheight=\skip56
\headwidth=\skip57
\c@storedpagenumber=\count82
\memPD=\dimen102
\m@mabparskip=\skip58
\thanksmarkwidth=\skip59
\thanksmarksep=\skip60
\droptitle=\skip61
\c@book=\count83
\c@part=\count84
\c@chapter=\count85
\c@section=\count86
\c@subsection=\count87
\c@subsubsection=\count88
\c@paragraph=\count89
\c@subparagraph=\count90
\beforechapskip=\skip62
\midchapskip=\skip63
\afterchapskip=\skip64
\chapindent=\skip65
\bottomsectionskip=\skip66
\secindent=\skip67
\beforesecskip=\skip68
\aftersecskip=\skip69
\subsecindent=\skip70
\beforesubsecskip=\skip71
\aftersubsecskip=\skip72
\subsubsecindent=\skip73
\beforesubsubsecskip=\skip74
\aftersubsubsecskip=\skip75
\paraindent=\skip76
\beforeparaskip=\skip77
\afterparaskip=\skip78
\subparaindent=\skip79
\beforesubparaskip=\skip80
\aftersubparaskip=\skip81
\pfbreakskip=\skip82
\c@@ppsavesec=\count91
\c@@ppsaveapp=\count92
\ragrparindent=\dimen103
\everylistparindent=\dimen104
\parsepi=\skip83
\topsepi=\skip84
\itemsepi=\skip85
\parsepii=\skip86
\topsepii=\skip87
\topsepiii=\skip88
\itemsepii=\skip89
\itemsepiii=\skip90
\partopsepii=\skip91
\partopsepiii=\skip92
\m@msavetopsep=\skip93
\m@msavepartopsep=\skip94
\@enLab=\toks15
\abstitleskip=\skip95
\absleftindent=\skip96
\abs@leftindent=\dimen105
\absrightindent=\skip97
\absparindent=\skip98
\absparsep=\skip99
\c@vslineno=\count93
\c@poemline=\count94
\c@modulo@vs=\count95
\c@memfvsline=\count96
\vleftskip=\skip100
\vrightskip=\skip101
\stanzaskip=\skip102
\versewidth=\skip103
\vgap=\skip104
\vindent=\skip105
\vleftmargin=\dimen106
\c@verse=\count97
\c@chrsinstr=\count98
\beforepoemtitleskip=\skip106
\afterpoemtitleskip=\skip107
\c@poem=\count99
\beforePoemTitleskip=\skip108
\midPoemTitleskip=\skip109
\afterPoemTitleskip=\skip110
\col@sep=\dimen107
\extrarowheight=\dimen108
\NC@list=\toks16
\extratabsurround=\skip111
\backup@length=\skip112
\TX@col@width=\dimen109
\TX@old@table=\dimen110
\TX@old@col=\dimen111
\TX@target=\dimen112
\TX@delta=\dimen113
\TX@cols=\count100
\TX@ftn=\toks17
\heavyrulewidth=\dimen114
\lightrulewidth=\dimen115
\cmidrulewidth=\dimen116
\belowrulesep=\dimen117
\belowbottomsep=\dimen118
\aboverulesep=\dimen119
\abovetopsep=\dimen120
\cmidrulesep=\dimen121
\cmidrulekern=\dimen122
\defaultaddspace=\dimen123
\@cmidla=\count101
\@cmidlb=\count102
\@aboverulesep=\dimen124
\@belowrulesep=\dimen125
\@thisruleclass=\count103
\@lastruleclass=\count104
\@thisrulewidth=\dimen126
\ctableftskip=\skip113
\ctabrightskip=\skip114
\abovecolumnspenalty=\count105
\@linestogo=\count106
\@cellstogo=\count107
\@cellsincolumn=\count108
\crtok=\toks18
\@mincolumnwidth=\dimen127
\c@newflo@tctr=\count109
\mem@margin@floatbox=\box26
\@contcwidth=\skip115
\@contindw=\skip116
\abovecaptionskip=\skip117
\belowcaptionskip=\skip118
\subfloattopskip=\skip119
\subfloatcapskip=\skip120
\subfloatcaptopadj=\skip121
\subfloatbottomskip=\skip122
\subfloatlabelskip=\skip123
\subfloatcapmargin=\dimen128
\c@@contsubnum=\count110
\m@mscap@capbox=\box27
\m@mscap@fbox=\box28
\sidecapsep=\dimen129
\sidecapwidth=\dimen130
\m@m@tempdima=\dimen131
\m@mscapraise=\dimen132
\sidecapraise=\dimen133
\m@mscapmainwidth=\dimen134
\m@mscaplkern=\dimen135
\beforeepigraphskip=\skip124
\afterepigraphskip=\skip125
\epigraphwidth=\skip126
\epigraphrule=\skip127
LaTeX Info: Redefining \em on input line 7578.
LaTeX Info: Redefining \emph on input line 7586.
\tocentryskip=\skip128
\tocbaseline=\skip129
\cftparskip=\skip130
\cftbeforebookskip=\skip131
\cftbookindent=\dimen136
\cftbooknumwidth=\dimen137
\cftbeforepartskip=\skip132
\cftpartindent=\skip133
\cftpartnumwidth=\skip134
\cftbeforechapterskip=\skip135
\cftchapterindent=\skip136
\cftchapternumwidth=\skip137
\cftbeforesectionskip=\skip138
\cftsectionindent=\skip139
\cftsectionnumwidth=\skip140
\cftbeforesubsectionskip=\skip141
\cftsubsectionindent=\skip142
\cftsubsectionnumwidth=\skip143
\cftbeforesubsubsectionskip=\skip144
\cftsubsubsectionindent=\skip145
\cftsubsubsectionnumwidth=\skip146
\cftbeforeparagraphskip=\skip147
\cftparagraphindent=\skip148
\cftparagraphnumwidth=\skip149
\cftbeforesubparagraphskip=\skip150
\cftsubparagraphindent=\skip151
\cftsubparagraphnumwidth=\skip152
\prechapterprecisshift=\dimen138
\c@maxsecnumdepth=\count111
\bibindent=\dimen139
\bibitemsep=\skip153
\indexcolsep=\skip154
\indexrule=\skip155
\indexmarkstyle=\toks19
\@indexbox=\insert199
\glossarycolsep=\dimen140
\glossaryrule=\dimen141
\sideparvshift=\skip156
\sideins=\insert198
\sidebartopsep=\skip157
\sidebarhsep=\skip158
\sidebarvsep=\skip159
\sidebarwidth=\skip160
\footmarkwidth=\skip161
\footmarksep=\skip162
\footparindent=\skip163
\footinsdim=\skip164
\footinsv@r=\insert197
\@mpfootinsv@r=\insert196
\m@m@k=\count112
\m@m@h=\dimen142
\m@mipn@skip=\skip165
\sidefootins=\insert195
\sidefootadjust=\skip166
\sidefootheight=\skip167
\sidefoothsep=\skip168
\sidefootvsep=\skip169
\sidefootwidth=\skip170
\m@mdownsf=\skip171
\c@sidefootnote=\count113
\sidefootmarkwidth=\skip172
\sidefootmarksep=\skip173
\sidefootparindent=\skip174
\c@pagenote=\count114
\c@pagenoteshadow=\count115
\mem@pn@lastkern=\skip175
\every@verbatim=\toks20
\afterevery@verbatim=\toks21
\verbatim@line=\toks22
\tab@position=\count116
\verbatim@in@stream=\read1
\verbatimindent=\skip176
\verbatim@out=\write3
\bvboxsep=\skip177
\c@memfbvline=\count117
\c@bvlinectr=\count118
\bvnumlength=\skip178
\fb@frw=\dimen143
\fb@frh=\dimen144
\FrameRule=\dimen145
\FrameSep=\dimen146
\c@cp@cntr=\count119
LaTeX Info: Redefining \: on input line 12100.
LaTeX Info: Redefining \! on input line 12102.
\c@ism@mctr=\count120
\c@xsm@mctr=\count121
\c@csm@mctr=\count122
\c@ksm@mctr=\count123
\c@xksm@mctr=\count124
\c@cksm@mctr=\count125
\c@msm@mctr=\count126
\c@xmsm@mctr=\count127
\c@cmsm@mctr=\count128
\c@bsm@mctr=\count129
\c@workm@mctr=\count130
\c@sheetsequence=\count131
\c@lastsheet=\count132
\c@lastpage=\count133
\c@figure=\count134
\c@lofdepth=\count135
\cftbeforefigureskip=\skip179
\cftfigureindent=\skip180
\cftfigurenumwidth=\skip181
\c@table=\count136
\c@lotdepth=\count137
\cftbeforetableskip=\skip182
\cfttableindent=\skip183
\cfttablenumwidth=\skip184
Package abstract [2008/07/23] emulated by memoir.
Package appendix [2008/07/23] emulated by memoir.
Package array [2016/10/06] emulated by memoir.
Package booktabs [2016/05/16] emulated by memoir.
Package ccaption [2008/07/23] emulated by memoir.
Package changepage [2008/07/23] emulated by memoir.
Package chngcntr [2008/07/23] emulated by memoir.
Package chngpage [2008/07/23] emulated by memoir.
Package crop emulated by memoir.
Package dcolumn [2008/07/23] emulated by memoir.
Package delarray [2014/10/28] emulated by memoir.
Package enumerate [2008/07/23] emulated by memoir.
Package epigraph [2008/07/23] emulated by memoir.
Package ifmtarg [2008/07/23] emulated by memoir.
Package index [2008/07/23] emulated by memoir.
Package makeidx [2008/07/23] emulated by memoir.
Package moreverb [2008/07/23] emulated by memoir.
Package mparhack [2008/07/23] emulated by memoir.
Package needspace [2008/07/23] emulated by memoir.
Package newfile [2008/07/23] emulated by memoir.
Package nextpage [2008/07/23] emulated by memoir.
Package pagenote [2008/07/23] emulated by memoir.
Package parskip [2008/07/23] emulated by memoir.
Package patchcmd [2008/07/23] emulated by memoir.
Package setspace [2008/07/23] emulated by memoir.
Package shortvrb [2008/07/23] emulated by memoir.
Package showidx [2008/07/23] emulated by memoir.
Package tabularx [2016/02/03] emulated by memoir.
Package titleref [2008/07/23] emulated by memoir.
Package titling [2008/07/23] emulated by memoir.
Package tocbibind [2008/07/23] emulated by memoir.
Package tocloft [2008/07/23] emulated by memoir.
Package tocvsec2 [2008/07/23] emulated by memoir.
Package verbatim [2008/07/23] emulated by memoir.
Package verse [2008/07/23] emulated by memoir.
) (/usr/local/texlive/2018/texmf-dist/tex/latex/geometry/geometry.sty
Package: geometry 2018/03/24 v5.7 Page Geometry
(/usr/local/texlive/2018/texmf-dist/tex/generic/oberdiek/ifvtex.sty
Package: ifvtex 2016/05/16 v1.6 Detect VTeX and its facilities (HO)
Package ifvtex Info: VTeX not detected.
)
\Gm@cnth=\count138
\Gm@cntv=\count139
\c@Gm@tempcnt=\count140
\Gm@bindingoffset=\dimen147
\Gm@wd@mp=\dimen148
\Gm@odd@mp=\dimen149
\Gm@even@mp=\dimen150
\Gm@layoutwidth=\dimen151
\Gm@layoutheight=\dimen152
\Gm@layouthoffset=\dimen153
\Gm@layoutvoffset=\dimen154
\Gm@dimlist=\toks23
)) (/usr/local/texlive/2018/texmf-dist/tex/latex/oberdiek/pdflscape.sty
Package: pdflscape 2016/05/14 v0.11 Display of landscape pages in PDF (HO)
(/usr/local/texlive/2018/texmf-dist/tex/latex/graphics/lscape.sty
Package: lscape 2000/10/22 v3.01 Landscape Pages (DPC)
(/usr/local/texlive/2018/texmf-dist/tex/latex/graphics/graphics.sty
Package: graphics 2017/06/25 v1.2c Standard LaTeX Graphics (DPC,SPQR)
(/usr/local/texlive/2018/texmf-dist/tex/latex/graphics/trig.sty
Package: trig 2016/01/03 v1.10 sin cos tan (DPC)
) (/usr/local/texlive/2018/texmf-dist/tex/latex/graphics-cfg/graphics.cfg
File: graphics.cfg 2016/06/04 v1.11 sample graphics configuration
)
Package graphics Info: Driver file: pdftex.def on input line 99.
(/usr/local/texlive/2018/texmf-dist/tex/latex/graphics-def/pdftex.def
File: pdftex.def 2018/01/08 v1.0l Graphics/color driver for pdftex
)))
Package pdflscape Info: Auto-detected driver: pdftex on input line 81.
) (/usr/local/texlive/2018/texmf-dist/tex/latex/graphics/graphicx.sty
Package: graphicx 2017/06/01 v1.1a Enhanced LaTeX Graphics (DPC,SPQR)
\Gin@req@height=\dimen155
\Gin@req@width=\dimen156
) (/usr/local/texlive/2018/texmf-dist/tex/latex/base/latexsym.sty
Package: latexsym 1998/08/17 v2.2e Standard LaTeX package (lasy symbols)
\symlasy=\mathgroup4
LaTeX Font Info:    Overwriting symbol font `lasy' in version `bold'
(Font)                  U/lasy/m/n --> U/lasy/b/n on input line 52.
) (/usr/local/texlive/2018/texmf-dist/tex/latex/amsmath/amsmath.sty
Package: amsmath 2017/09/02 v2.17a AMS math features
\@mathmargin=\skip185
For additional information on amsmath, use the `?' option.
(/usr/local/texlive/2018/texmf-dist/tex/latex/amsmath/amstext.sty
Package: amstext 2000/06/29 v2.01 AMS text
(/usr/local/texlive/2018/texmf-dist/tex/latex/amsmath/amsgen.sty
File: amsgen.sty 1999/11/30 v2.0 generic functions
\@emptytoks=\toks24
\ex@=\dimen157
)) (/usr/local/texlive/2018/texmf-dist/tex/latex/amsmath/amsbsy.sty
Package: amsbsy 1999/11/29 v1.2d Bold Symbols
\pmbraise@=\dimen158
) (/usr/local/texlive/2018/texmf-dist/tex/latex/amsmath/amsopn.sty
Package: amsopn 2016/03/08 v2.02 operator names
)
\inf@bad=\count141
LaTeX Info: Redefining \frac on input line 213.
\uproot@=\count142
\leftroot@=\count143
LaTeX Info: Redefining \overline on input line 375.
\classnum@=\count144
\DOTSCASE@=\count145
LaTeX Info: Redefining \ldots on input line 472.
LaTeX Info: Redefining \dots on input line 475.
LaTeX Info: Redefining \cdots on input line 596.
\Mathstrutbox@=\box29
\strutbox@=\box30
\big@size=\dimen159
LaTeX Font Info:    Redeclaring font encoding OML on input line 712.
LaTeX Font Info:    Redeclaring font encoding OMS on input line 713.
\macc@depth=\count146
\c@MaxMatrixCols=\count147
\dotsspace@=\muskip10
\c@parentequation=\count148
\dspbrk@lvl=\count149
\tag@help=\toks25
\row@=\count150
\column@=\count151
\maxfields@=\count152
\andhelp@=\toks26
\eqnshift@=\dimen160
\alignsep@=\dimen161
\tagshift@=\dimen162
\tagwidth@=\dimen163
\totwidth@=\dimen164
\lineht@=\dimen165
\@envbody=\toks27
\multlinegap=\skip186
\multlinetaggap=\skip187
\mathdisplay@stack=\toks28
LaTeX Info: Redefining \[ on input line 2817.
LaTeX Info: Redefining \] on input line 2818.
) (/usr/local/texlive/2018/texmf-dist/tex/latex/amsfonts/amssymb.sty
Package: amssymb 2013/01/14 v3.01 AMS font symbols
(/usr/local/texlive/2018/texmf-dist/tex/latex/amsfonts/amsfonts.sty
Package: amsfonts 2013/01/14 v3.01 Basic AMSFonts support
\symAMSa=\mathgroup5
\symAMSb=\mathgroup6
LaTeX Font Info:    Overwriting math alphabet `\mathfrak' in version `bold'
(Font)                  U/euf/m/n --> U/euf/b/n on input line 106.
)) (/usr/local/texlive/2018/texmf-dist/tex/latex/amscls/amsthm.sty
Package: amsthm 2017/10/31 v2.20.4
\thm@style=\toks29
\thm@bodyfont=\toks30
\thm@headfont=\toks31
\thm@notefont=\toks32
\thm@headpunct=\toks33
\thm@preskip=\skip188
\thm@postskip=\skip189
\thm@headsep=\skip190
\dth@everypar=\toks34
) (/usr/local/texlive/2018/texmf-dist/tex/latex/url/url.sty
\Urlmuskip=\muskip11
Package: url 2013/09/16  ver 3.4  Verb mode for urls, etc.
) (/usr/local/texlive/2018/texmf-dist/tex/latex/hyperref/hyperref.sty
Package: hyperref 2018/02/06 v6.86b Hypertext links for LaTeX
(/usr/local/texlive/2018/texmf-dist/tex/generic/oberdiek/hobsub-hyperref.sty
Package: hobsub-hyperref 2016/05/16 v1.14 Bundle oberdiek, subset hyperref (HO)

(/usr/local/texlive/2018/texmf-dist/tex/generic/oberdiek/hobsub-generic.sty
Package: hobsub-generic 2016/05/16 v1.14 Bundle oberdiek, subset generic (HO)
Package: hobsub 2016/05/16 v1.14 Construct package bundles (HO)
Package: infwarerr 2016/05/16 v1.4 Providing info/warning/error messages (HO)
Package: ltxcmds 2016/05/16 v1.23 LaTeX kernel commands for general use (HO)
Package hobsub Info: Skipping package `ifluatex' (already loaded).
Package hobsub Info: Skipping package `ifvtex' (already loaded).
Package: intcalc 2016/05/16 v1.2 Expandable calculations with integers (HO)
Package hobsub Info: Skipping package `ifpdf' (already loaded).
Package: etexcmds 2016/05/16 v1.6 Avoid name clashes with e-TeX commands (HO)
Package etexcmds Info: Could not find \expanded.
(etexcmds)             That can mean that you are not using pdfTeX 1.50 or
(etexcmds)             that some package has redefined \expanded.
(etexcmds)             In the latter case, load this package earlier.
Package: kvsetkeys 2016/05/16 v1.17 Key value parser (HO)
Package: kvdefinekeys 2016/05/16 v1.4 Define keys (HO)
Package: pdftexcmds 2018/01/30 v0.27 Utility functions of pdfTeX for LuaTeX (HO
)
Package pdftexcmds Info: LuaTeX not detected.
Package pdftexcmds Info: \pdf@primitive is available.
Package pdftexcmds Info: \pdf@ifprimitive is available.
Package pdftexcmds Info: \pdfdraftmode found.
Package: pdfescape 2016/05/16 v1.14 Implements pdfTeX's escape features (HO)
Package: bigintcalc 2016/05/16 v1.4 Expandable calculations on big integers (HO
)
Package: bitset 2016/05/16 v1.2 Handle bit-vector datatype (HO)
Package: uniquecounter 2016/05/16 v1.3 Provide unlimited unique counter (HO)
)
Package hobsub Info: Skipping package `hobsub' (already loaded).
Package: letltxmacro 2016/05/16 v1.5 Let assignment for LaTeX macros (HO)
Package: hopatch 2016/05/16 v1.3 Wrapper for package hooks (HO)
Package: xcolor-patch 2016/05/16 xcolor patch
Package: atveryend 2016/05/16 v1.9 Hooks at the very end of document (HO)
Package atveryend Info: \enddocument detected (standard20110627).
Package: atbegshi 2016/06/09 v1.18 At begin shipout hook (HO)
Package: refcount 2016/05/16 v3.5 Data extraction from label references (HO)
Package: hycolor 2016/05/16 v1.8 Color options for hyperref/bookmark (HO)
) (/usr/local/texlive/2018/texmf-dist/tex/latex/oberdiek/auxhook.sty
Package: auxhook 2016/05/16 v1.4 Hooks for auxiliary files (HO)
) (/usr/local/texlive/2018/texmf-dist/tex/latex/oberdiek/kvoptions.sty
Package: kvoptions 2016/05/16 v3.12 Key value format for package options (HO)
)
\@linkdim=\dimen166
\Hy@linkcounter=\count153
\Hy@pagecounter=\count154
(/usr/local/texlive/2018/texmf-dist/tex/latex/hyperref/pd1enc.def
File: pd1enc.def 2018/02/06 v6.86b Hyperref: PDFDocEncoding definition (HO)
Now handling font encoding PD1 ...
... no UTF-8 mapping file for font encoding PD1
)
\Hy@SavedSpaceFactor=\count155
(/usr/local/texlive/2018/texmf-dist/tex/latex/latexconfig/hyperref.cfg
File: hyperref.cfg 2002/06/06 v1.2 hyperref configuration of TeXLive
)
Package hyperref Info: Hyper figures OFF on input line 4509.
Package hyperref Info: Link nesting OFF on input line 4514.
Package hyperref Info: Hyper index ON on input line 4517.
Package hyperref Info: Plain pages OFF on input line 4524.
Package hyperref Info: Backreferencing OFF on input line 4529.
Package hyperref Info: Implicit mode ON; LaTeX internals redefined.
Package hyperref Info: Bookmarks ON on input line 4762.
\c@Hy@tempcnt=\count156
LaTeX Info: Redefining \url on input line 5115.
\XeTeXLinkMargin=\dimen167
\Fld@menulength=\count157
\Field@Width=\dimen168
\Fld@charsize=\dimen169
Package hyperref Info: Hyper figures OFF on input line 6369.
Package hyperref Info: Link nesting OFF on input line 6374.
Package hyperref Info: Hyper index ON on input line 6377.
Package hyperref Info: backreferencing OFF on input line 6384.
Package hyperref Info: Link coloring OFF on input line 6389.
Package hyperref Info: Link coloring with OCG OFF on input line 6394.
Package hyperref Info: PDF/A mode OFF on input line 6399.
LaTeX Info: Redefining \ref on input line 6439.
LaTeX Info: Redefining \pageref on input line 6443.
\Hy@abspage=\count158
\c@Item=\count159
\c@Hfootnote=\count160
) (/usr/local/texlive/2018/texmf-dist/tex/latex/memoir/memhfixc.sty
Package: memhfixc 2013/05/30 v1.17 nameref/hyperref package fixes for memoir cl
ass
\c@memhycontfloat=\count161
\c@Hpagenote=\count162
)
Package hyperref Info: Driver (autodetected): hpdftex.
(/usr/local/texlive/2018/texmf-dist/tex/latex/hyperref/hpdftex.def
File: hpdftex.def 2018/02/06 v6.86b Hyperref driver for pdfTeX
\Fld@listcount=\count163
\c@bookmark@seq@number=\count164
(/usr/local/texlive/2018/texmf-dist/tex/latex/oberdiek/rerunfilecheck.sty
Package: rerunfilecheck 2016/05/16 v1.8 Rerun checks for auxiliary files (HO)
Package uniquecounter Info: New unique counter `rerunfilecheck' on input line 2
82.
)
\Hy@SectionHShift=\skip191
) (/usr/local/texlive/2018/texmf-dist/tex/latex/tools/longtable.sty
Package: longtable 2014/10/28 v4.11 Multi-page Table package (DPC)
\LTleft=\skip192
\LTright=\skip193
\LTpre=\skip194
\LTpost=\skip256
\LTchunksize=\count165
\LTcapwidth=\dimen170
\LT@head=\box31
\LT@firsthead=\box32
\LT@foot=\box33
\LT@lastfoot=\box34
\LT@cols=\count166
\LT@rows=\count167
\c@LT@tables=\count168
\c@LT@chunks=\count169
\LT@p@ftn=\toks35
) (/usr/local/texlive/2018/texmf-dist/tex/latex/tabu/tabu.sty
Package: tabu 2011/02/26 v2.8 - flexible LaTeX tabulars (FC)
(/usr/local/texlive/2018/texmf-dist/tex/latex/varwidth/varwidth.sty
Package: varwidth 2009/03/30 ver 0.92;  Variable-width minipages
\@vwid@box=\box35
\sift@deathcycles=\count170
\@vwid@loff=\dimen171
\@vwid@roff=\dimen172
)
\c@taburow=\count171
\tabu@nbcols=\count172
\tabu@cnt=\count173
\tabu@Xcol=\count174
\tabu@alloc=\count175
\tabu@nested=\count176
\tabu@target=\dimen173
\tabu@spreadtarget=\dimen174
\tabu@naturalX=\dimen175
\tabucolX=\dimen176
\tabu@Xsum=\dimen177
\extrarowdepth=\dimen178
\abovetabulinesep=\dimen179
\belowtabulinesep=\dimen180
\tabustrutrule=\dimen181
\tabu@thebody=\toks36
\tabu@footnotes=\toks37
\tabu@box=\box36
\tabu@arstrutbox=\box37
\tabu@hleads=\box38
\tabu@vleads=\box39
\tabu@cellskip=\skip257
) (/usr/local/texlive/2018/texmf-dist/tex/latex/lm/lmodern.sty
Package: lmodern 2009/10/30 v1.6 Latin Modern Fonts
LaTeX Font Info:    Overwriting symbol font `operators' in version `normal'
(Font)                  OT1/cmr/m/n --> OT1/lmr/m/n on input line 22.
LaTeX Font Info:    Overwriting symbol font `letters' in version `normal'
(Font)                  OML/cmm/m/it --> OML/lmm/m/it on input line 23.
LaTeX Font Info:    Overwriting symbol font `symbols' in version `normal'
(Font)                  OMS/cmsy/m/n --> OMS/lmsy/m/n on input line 24.
LaTeX Font Info:    Overwriting symbol font `largesymbols' in version `normal'
(Font)                  OMX/cmex/m/n --> OMX/lmex/m/n on input line 25.
LaTeX Font Info:    Overwriting symbol font `operators' in version `bold'
(Font)                  OT1/cmr/bx/n --> OT1/lmr/bx/n on input line 26.
LaTeX Font Info:    Overwriting symbol font `letters' in version `bold'
(Font)                  OML/cmm/b/it --> OML/lmm/b/it on input line 27.
LaTeX Font Info:    Overwriting symbol font `symbols' in version `bold'
(Font)                  OMS/cmsy/b/n --> OMS/lmsy/b/n on input line 28.
LaTeX Font Info:    Overwriting symbol font `largesymbols' in version `bold'
(Font)                  OMX/cmex/m/n --> OMX/lmex/m/n on input line 29.
LaTeX Font Info:    Overwriting math alphabet `\mathbf' in version `normal'
(Font)                  OT1/cmr/bx/n --> OT1/lmr/bx/n on input line 31.
LaTeX Font Info:    Overwriting math alphabet `\mathsf' in version `normal'
(Font)                  OT1/cmss/m/n --> OT1/lmss/m/n on input line 32.
LaTeX Font Info:    Overwriting math alphabet `\mathit' in version `normal'
(Font)                  OT1/cmr/m/it --> OT1/lmr/m/it on input line 33.
LaTeX Font Info:    Overwriting math alphabet `\mathtt' in version `normal'
(Font)                  OT1/cmtt/m/n --> OT1/lmtt/m/n on input line 34.
LaTeX Font Info:    Overwriting math alphabet `\mathbf' in version `bold'
(Font)                  OT1/cmr/bx/n --> OT1/lmr/bx/n on input line 35.
LaTeX Font Info:    Overwriting math alphabet `\mathsf' in version `bold'
(Font)                  OT1/cmss/bx/n --> OT1/lmss/bx/n on input line 36.
LaTeX Font Info:    Overwriting math alphabet `\mathit' in version `bold'
(Font)                  OT1/cmr/bx/it --> OT1/lmr/bx/it on input line 37.
LaTeX Font Info:    Overwriting math alphabet `\mathtt' in version `bold'
(Font)                  OT1/cmtt/m/n --> OT1/lmtt/m/n on input line 38.
) (/usr/local/texlive/2018/texmf-dist/tex/latex/tools/bm.sty
Package: bm 2017/01/16 v1.2c Bold Symbol Support (DPC/FMi)
\symboldoperators=\mathgroup7
\symboldletters=\mathgroup8
\symboldsymbols=\mathgroup9
\symboldlasy=\mathgroup10
LaTeX Font Info:    Redeclaring math alphabet \mathbf on input line 141.
LaTeX Info: Redefining \bm on input line 207.
) (/usr/local/texlive/2018/texmf-dist/tex/latex/float/float.sty
Package: float 2001/11/08 v1.3d Float enhancements (AL)
\c@float@type=\count177
\float@exts=\toks38
\float@box=\box40
\@float@everytoks=\toks39
\@floatcapt=\box41
) (/usr/local/texlive/2018/texmf-dist/tex/latex/graphics/rotating.sty
Package: rotating 2016/08/11 v2.16d rotated objects in LaTeX
\c@r@tfl@t=\count178
\rotFPtop=\skip258
\rotFPbot=\skip259
\rot@float@box=\box42
\rot@mess@toks=\toks40
) (/usr/local/texlive/2018/texmf-dist/tex/latex/natbib/natbib.sty
Package: natbib 2010/09/13 8.31b (PWD, AO)
\bibhang=\skip260
\bibsep=\skip261
LaTeX Info: Redefining \cite on input line 694.
\c@NAT@ctr=\count179
)

Class memoir Warning: You are using the caption package with the memoir class. 
To prepare we will now reset all captioning macros and configurations to kernel
 defaults, and then let the caption package take over. Please remember to use
 the caption package interfaces in order to
 configure your captions.

(/usr/local/texlive/2018/texmf-dist/tex/latex/caption/caption.sty
Package: caption 2016/02/21 v3.3-144 Customizing captions (AR)
(/usr/local/texlive/2018/texmf-dist/tex/latex/caption/caption3.sty
Package: caption3 2016/05/22 v1.7-166 caption3 kernel (AR)
Package caption3 Info: TeX engine: e-TeX on input line 67.
\captionmargin=\dimen182
\captionmargin@=\dimen183
\captionwidth=\dimen184
\caption@tempdima=\dimen185
\caption@indent=\dimen186
\caption@parindent=\dimen187
\caption@hangindent=\dimen188
)
\c@ContinuedFloat=\count180
Package caption Info: float package is loaded.
Package caption Info: hyperref package is loaded.
Package caption Info: longtable package is loaded.
(/usr/local/texlive/2018/texmf-dist/tex/latex/caption/ltcaption.sty
Package: ltcaption 2013/06/09 v1.4-94 longtable captions (AR)
)
Package caption Info: rotating package is loaded.
) (./_myDissertation.aux

LaTeX Warning: Label `tab:glossary' multiply defined.


LaTeX Warning: Label `tab:glossary' multiply defined.


LaTeX Warning: Label `tab:glossary' multiply defined.


LaTeX Warning: Label `tab:glossary' multiply defined.


LaTeX Warning: Label `tab:glossary' multiply defined.


LaTeX Warning: Label `tab:glossary' multiply defined.


LaTeX Warning: Label `tab:glossary' multiply defined.


LaTeX Warning: Label `tab:methodstable' multiply defined.


LaTeX Warning: Label `tab:methodstable' multiply defined.


LaTeX Warning: Label `tab:methodstable' multiply defined.


LaTeX Warning: Label `tab:methodstable' multiply defined.


LaTeX Warning: Label `eq:fiDerivs' multiply defined.


LaTeX Warning: Label `fig:trueObsEx' multiply defined.


LaTeX Warning: Label `fig:intrxnPlot-regime' multiply defined.

)
\openout1 = `_myDissertation.aux'.

LaTeX Font Info:    Checking defaults for OML/cmm/m/it on input line 52.
LaTeX Font Info:    ... okay on input line 52.
LaTeX Font Info:    Checking defaults for T1/cmr/m/n on input line 52.
LaTeX Font Info:    ... okay on input line 52.
LaTeX Font Info:    Checking defaults for OT1/cmr/m/n on input line 52.
LaTeX Font Info:    ... okay on input line 52.
LaTeX Font Info:    Checking defaults for OMS/cmsy/m/n on input line 52.
LaTeX Font Info:    ... okay on input line 52.
LaTeX Font Info:    Checking defaults for OMX/cmex/m/n on input line 52.
LaTeX Font Info:    ... okay on input line 52.
LaTeX Font Info:    Checking defaults for U/cmr/m/n on input line 52.
LaTeX Font Info:    ... okay on input line 52.
LaTeX Font Info:    Checking defaults for PD1/pdf/m/n on input line 52.
LaTeX Font Info:    ... okay on input line 52.
LaTeX Font Info:    Try loading font information for OT1+lmr on input line 52.
(/usr/local/texlive/2018/texmf-dist/tex/latex/lm/ot1lmr.fd
File: ot1lmr.fd 2009/10/30 v1.6 Font defs for Latin Modern
)
*geometry* driver: auto-detecting
*geometry* detected driver: pdftex
*geometry* verbose mode - [ preamble ] result:
* driver: pdftex
* paper: letterpaper
* layout: <same size as paper>
* layoutoffset:(h,v)=(0.0pt,0.0pt)
* bindingoffset: 36.135pt
* modes: includehead 
* h-part:(L,W,R)=(72.26999pt, 433.62003pt, 72.26999pt)
* v-part:(T,H,B)=(72.26999pt, 650.43001pt, 72.26999pt)
* \paperwidth=614.295pt
* \paperheight=794.96999pt
* \textwidth=433.62003pt
* \textheight=616.05621pt
* \oddsidemargin=36.135pt
* \evensidemargin=0.0pt
* \topmargin=0.0pt
* \headheight=14.5pt
* \headsep=19.8738pt
* \topskip=12.0pt
* \footskip=0.0pt
* \marginparwidth=50.0pt
* \marginparsep=7.0pt
* \columnsep=10.0pt
* \skip\footins=12.0pt plus 4.0pt minus 4.0pt
* \hoffset=0.0pt
* \voffset=0.0pt
* \mag=1000
* \@twocolumnfalse
* \@twosidefalse
* \@mparswitchfalse
* \@reversemarginfalse
* (1in=72.27pt=25.4mm, 1cm=28.453pt)

(/usr/local/texlive/2018/texmf-dist/tex/context/base/mkii/supp-pdf.mkii
[Loading MPS to PDF converter (version 2006.09.02).]
\scratchcounter=\count181
\scratchdimen=\dimen189
\scratchbox=\box43
\nofMPsegments=\count182
\nofMParguments=\count183
\everyMPshowfont=\toks41
\MPscratchCnt=\count184
\MPscratchDim=\dimen190
\MPnumerator=\count185
\makeMPintoPDFobject=\count186
\everyMPtoPDFconversion=\toks42
) (/usr/local/texlive/2018/texmf-dist/tex/latex/oberdiek/epstopdf-base.sty
Package: epstopdf-base 2016/05/15 v2.6 Base part for package epstopdf
(/usr/local/texlive/2018/texmf-dist/tex/latex/oberdiek/grfext.sty
Package: grfext 2016/05/16 v1.2 Manage graphics extensions (HO)
)
Package epstopdf-base Info: Redefining graphics rule for `.eps' on input line 4
38.
Package grfext Info: Graphics extension search list:
(grfext)             [.pdf,.png,.jpg,.mps,.jpeg,.jbig2,.jb2,.PDF,.PNG,.JPG,.JPE
G,.JBIG2,.JB2,.eps]
(grfext)             \AppendGraphicsExtensions on input line 456.
(/usr/local/texlive/2018/texmf-dist/tex/latex/latexconfig/epstopdf-sys.cfg
File: epstopdf-sys.cfg 2010/07/13 v1.3 Configuration of (r)epstopdf for TeX Liv
e
))
\AtBeginShipoutBox=\box44
Package hyperref Info: Link coloring OFF on input line 52.
(/usr/local/texlive/2018/texmf-dist/tex/latex/hyperref/nameref.sty
Package: nameref 2016/05/21 v2.44 Cross-referencing by name of section
(/usr/local/texlive/2018/texmf-dist/tex/generic/oberdiek/gettitlestring.sty
Package: gettitlestring 2016/05/16 v1.5 Cleanup title references (HO)
)
\c@section@level=\count187
)
Redoing nameref's sectioning
Redoing nameref's label
LaTeX Info: Redefining \nameref on input line 52.
LaTeX Info: Redefining \ref on input line 52.
LaTeX Info: Redefining \pageref on input line 52.
LaTeX Info: Redefining \nameref on input line 52.
(./_myDissertation.out) (./_myDissertation.out)
\@outlinefile=\write4
\openout4 = `_myDissertation.out'.

Package caption Info: Begin \AtBeginDocument code.
Package caption Info: End \AtBeginDocument code.
[1


{/usr/local/texlive/2018/texmf-var/fonts/map/pdftex/updmap/pdftex.map}] [2

]

Class memoir Warning: The material used in the footer is too large
(10.14995pt) for the given foot skip (0.0pt), it is recommended to
either increase the foot skip or redesign the fotoer
(in both cases you will find help in the memoir manual). on input line 99.

[3

] [4

] [5] [6] (./_myDissertation.toc
LaTeX Font Info:    Try loading font information for OML+lmm on input line 1.
(/usr/local/texlive/2018/texmf-dist/tex/latex/lm/omllmm.fd
File: omllmm.fd 2009/10/30 v1.6 Font defs for Latin Modern
)
LaTeX Font Info:    Try loading font information for OMS+lmsy on input line 1.
(/usr/local/texlive/2018/texmf-dist/tex/latex/lm/omslmsy.fd
File: omslmsy.fd 2009/10/30 v1.6 Font defs for Latin Modern
)
LaTeX Font Info:    Try loading font information for OMX+lmex on input line 1.
(/usr/local/texlive/2018/texmf-dist/tex/latex/lm/omxlmex.fd
File: omxlmex.fd 2009/10/30 v1.6 Font defs for Latin Modern
)
LaTeX Font Info:    External font `lmex10' loaded for size
(Font)              <12> on input line 1.
LaTeX Font Info:    External font `lmex10' loaded for size
(Font)              <8> on input line 1.
LaTeX Font Info:    External font `lmex10' loaded for size
(Font)              <6> on input line 1.
LaTeX Font Info:    Try loading font information for U+lasy on input line 1.
(/usr/local/texlive/2018/texmf-dist/tex/latex/base/ulasy.fd
File: ulasy.fd 1998/08/17 v2.2e LaTeX symbol font definitions
)
LaTeX Font Info:    Try loading font information for U+msa on input line 1.
(/usr/local/texlive/2018/texmf-dist/tex/latex/amsfonts/umsa.fd
File: umsa.fd 2013/01/14 v3.01 AMS symbols A
)
LaTeX Font Info:    Try loading font information for U+msb on input line 1.
(/usr/local/texlive/2018/texmf-dist/tex/latex/amsfonts/umsb.fd
File: umsb.fd 2013/01/14 v3.01 AMS symbols B
)
LaTeX Font Info:    Font shape `U/lasy/b/n' in size <8> not available
(Font)              Font shape `U/lasy/m/n' tried instead on input line 1.
LaTeX Font Info:    Font shape `U/lasy/b/n' in size <6> not available
(Font)              Font shape `U/lasy/m/n' tried instead on input line 1.

Overfull \hbox (0.16273pt too wide) detected at line 1
 \OT1/lmr/bx/n/12 viii
 []

[7


] [8] [9]
Overfull \hbox (2.03773pt too wide) detected at line 69
 \OT1/lmr/bx/n/12 107
 []


Overfull \hbox (7.82968pt too wide) in paragraph at lines 69--69
 [][] [][]\OT1/lmr/bx/n/12 Velocity (\OT1/lmr/bx/it/12 v\OT1/lmr/bx/n/12 ): Rat
e of Change of Sys-tem Tra-jec-tory Iden-ti-fies Abrupt 
 []

[10]
Overfull \hbox (2.03773pt too wide) detected at line 94
 \OT1/lmr/bx/n/12 148
 []

[11]
Overfull \hbox (2.03773pt too wide) detected at line 117
 \OT1/lmr/bx/n/12 182
 []


Overfull \hbox (2.03773pt too wide) detected at line 122
 \OT1/lmr/bx/n/12 186
 []


Overfull \hbox (2.03773pt too wide) detected at line 127
 \OT1/lmr/bx/n/12 188
 []

[12]
LaTeX Font Info:    Try loading font information for OT1+lmtt on input line 130
.
(/usr/local/texlive/2018/texmf-dist/tex/latex/lm/ot1lmtt.fd
File: ot1lmtt.fd 2009/10/30 v1.6 Font defs for Latin Modern
)
LaTeX Font Info:    Font shape `OT1/lmtt/bx/n' in size <12> not available
(Font)              Font shape `OT1/lmtt/b/n' tried instead on input line 130.

Overfull \hbox (2.03773pt too wide) detected at line 130
 \OT1/lmr/bx/n/12 190
 []


Overfull \hbox (27.25806pt too wide) in paragraph at lines 130--130
 [][] []\OT1/lmr/bx/n/12 Ap-pendix C bb-sRDM: an R pack-age for ap-ply-ing \OT1
/lmtt/b/n/12 regimeDetectionMeasures 
 []


Overfull \hbox (2.03773pt too wide) detected at line 133
 \OT1/lmr/bx/n/12 191
 []


Overfull \hbox (2.03773pt too wide) detected at line 136
 \OT1/lmr/bx/n/12 193
 []

) [13] (./_myDissertation.lot [14

]) [15] (./_myDissertation.lof [16

] [17] [18]
LaTeX Font Info:    Try loading font information for OML+lmr on input line 37.
(/usr/local/texlive/2018/texmf-dist/tex/latex/lm/omllmr.fd
File: omllmr.fd 2009/10/30 v1.6 Font defs for Latin Modern
)
LaTeX Font Info:    Font shape `OML/lmr/m/n' in size <12> not available
(Font)              Font shape `OML/lmm/m/it' tried instead on input line 37.
[19]
Overfull \hbox (4.6156pt too wide) in paragraph at lines 42--42
 [][] [][]\OT1/lmr/m/n/12 An ex-am-ple so-lu-tion of the Lorenz ('but-ter-fly')
 rep-re-sented in 3-dimensional 
 []

[20] [21] [22] [23]
Overfull \hbox (6.87895pt too wide) in paragraph at lines 73--73
 \OT1/lmr/m/n/12 riod. Vari-ance equal to mean ($\OML/lmm/m/it/12 =bar[] \OT1/l
mr/m/n/12 = \OML/lmm/m/it/12 =sigma[]$\OT1/lmr/m/n/12 ), where means ($\OML/lmm
/m/it/12 =barx[] \OT1/lmr/m/n/12 = 
 []

[24]
Overfull \hbox (1.3909pt too wide) in paragraph at lines 76--76
 \OT1/lmr/m/n/12 tions (hor-i-zon-tal bars) of the spa-tial regimes iden-ti-fie
d by roberts2019shifting.[] []  
 []

[25]) [26] [1


]
Underfull \hbox (badness 1360) in paragraph at lines 135--135
[] []|[]\OT1/lmr/m/it/12 A ta-ble of def-i-ni-tions for terms, the-o-ries, and
 []


Underfull \hbox (badness 1360) in paragraph at lines 140--140
[] []|[]\OT1/lmr/m/it/12 A ta-ble of def-i-ni-tions for terms, the-o-ries, and
 []

[2

] [3] [4] [5] [6] [7] [8] [9] [10


] [11] [12] [13] [14] [15] [16] [17

] [18] [19]
<_myDissertation_files/figure-latex/wosRegimePubsByJrnl-1.pdf, id=1385, 446.668
75pt x 316.18124pt>
File: _myDissertation_files/figure-latex/wosRegimePubsByJrnl-1.pdf Graphic file
 (type pdf)
<use _myDissertation_files/figure-latex/wosRegimePubsByJrnl-1.pdf>
Package pdftex.def Info: _myDissertation_files/figure-latex/wosRegimePubsByJrnl
-1.pdf  used on input line 328.
(pdftex.def)             Requested size: 325.21501pt x 230.21214pt.
<_myDissertation_files/figure-latex/wosRegimePubsByYearwithNumEcolPubs-1.pdf, i
d=1387, 461.725pt x 315.1775pt>
File: _myDissertation_files/figure-latex/wosRegimePubsByYearwithNumEcolPubs-1.p
df Graphic file (type pdf)
<use _myDissertation_files/figure-latex/wosRegimePubsByYearwithNumEcolPubs-1.pd
f>
Package pdftex.def Info: _myDissertation_files/figure-latex/wosRegimePubsByYear
withNumEcolPubs-1.pdf  used on input line 332.
(pdftex.def)             Requested size: 368.57967pt x 251.59409pt.
[20] [21 <./_myDissertation_files/figure-latex/wosRegimePubsByJrnl-1.pdf>] [22 
<./_myDissertation_files/figure-latex/wosRegimePubsByYearwithNumEcolPubs-1.pdf>
] [23

] [24] [25] [26] [27]
<./chapterFiles/rdmReview/figures/figsCalledInDiss/thematicMaps-keywords.png, i
d=1443, 722.7pt x 722.7pt>
File: ./chapterFiles/rdmReview/figures/figsCalledInDiss/thematicMaps-keywords.p
ng Graphic file (type png)
<use ./chapterFiles/rdmReview/figures/figsCalledInDiss/thematicMaps-keywords.pn
g>
Package pdftex.def Info: ./chapterFiles/rdmReview/figures/figsCalledInDiss/them
aticMaps-keywords.png  used on input line 425.
(pdftex.def)             Requested size: 368.57967pt x 368.58315pt.
[28

 <./chapterFiles/rdmReview/figures/figsCalledInDiss/thematicMaps-keywords.png>]
LaTeX Font Info:    External font `lmex10' loaded for size
(Font)              <10> on input line 435.
LaTeX Font Info:    External font `lmex10' loaded for size
(Font)              <7> on input line 435.
LaTeX Font Info:    External font `lmex10' loaded for size
(Font)              <5> on input line 435.
LaTeX Font Info:    Font shape `U/lasy/b/n' in size <7> not available
(Font)              Font shape `U/lasy/m/n' tried instead on input line 435.
LaTeX Font Info:    Font shape `U/lasy/b/n' in size <5> not available
(Font)              Font shape `U/lasy/m/n' tried instead on input line 435.
<./chapterFiles/rdmReview/figures/figsCalledInDiss/thematicMaps-keywords-nVarie
s-author.png, id=1459, 1806.75pt x 1806.75pt>
File: ./chapterFiles/rdmReview/figures/figsCalledInDiss/thematicMaps-keywords-n
Varies-author.png Graphic file (type png)
<use ./chapterFiles/rdmReview/figures/figsCalledInDiss/thematicMaps-keywords-nV
aries-author.png>
Package pdftex.def Info: ./chapterFiles/rdmReview/figures/figsCalledInDiss/them
aticMaps-keywords-nVaries-author.png  used on input line 437.
(pdftex.def)             Requested size: 368.57967pt x 368.5666pt.
<./chapterFiles/rdmReview/figures/figsCalledInDiss/thematicMaps-keywords-nVarie
s-isi.png, id=1460, 770.88pt x 770.88pt>
File: ./chapterFiles/rdmReview/figures/figsCalledInDiss/thematicMaps-keywords-n
Varies-isi.png Graphic file (type png)
<use ./chapterFiles/rdmReview/figures/figsCalledInDiss/thematicMaps-keywords-nV
aries-isi.png>
Package pdftex.def Info: ./chapterFiles/rdmReview/figures/figsCalledInDiss/them
aticMaps-keywords-nVaries-isi.png  used on input line 440.
(pdftex.def)             Requested size: 368.57967pt x 368.5714pt.
<./chapterFiles/rdmReview/figures/figsCalledInDiss/historiograph-75quantile.png
, id=1461, 766.865pt x 602.25pt>
File: ./chapterFiles/rdmReview/figures/figsCalledInDiss/historiograph-75quantil
e.png Graphic file (type png)
<use ./chapterFiles/rdmReview/figures/figsCalledInDiss/historiograph-75quantile
.png>
Package pdftex.def Info: ./chapterFiles/rdmReview/figures/figsCalledInDiss/hist
oriograph-75quantile.png  used on input line 443.
(pdftex.def)             Requested size: 368.57967pt x 289.46268pt.
<./chapterFiles/rdmReview/figures/figsCalledInDiss/totArtCitesPerYear.png, id=1
462, 433.62pt x 433.62pt>
File: ./chapterFiles/rdmReview/figures/figsCalledInDiss/totArtCitesPerYear.png 
Graphic file (type png)
<use ./chapterFiles/rdmReview/figures/figsCalledInDiss/totArtCitesPerYear.png>
Package pdftex.def Info: ./chapterFiles/rdmReview/figures/figsCalledInDiss/totA
rtCitesPerYear.png  used on input line 446.
(pdftex.def)             Requested size: 368.57967pt x 368.59859pt.
<./chapterFiles/rdmReview/figures/figsCalledInDiss/revArtNums.png, id=1463, 433
.62pt x 433.62pt>
File: ./chapterFiles/rdmReview/figures/figsCalledInDiss/revArtNums.png Graphic 
file (type png)
<use ./chapterFiles/rdmReview/figures/figsCalledInDiss/revArtNums.png>
Package pdftex.def Info: ./chapterFiles/rdmReview/figures/figsCalledInDiss/revA
rtNums.png  used on input line 449.
(pdftex.def)             Requested size: 368.57967pt x 368.59859pt.
[29] [30 <./chapterFiles/rdmReview/figures/figsCalledInDiss/thematicMaps-keywor
ds-nVaries-author.png>] [31 <./chapterFiles/rdmReview/figures/figsCalledInDiss/
thematicMaps-keywords-nVaries-isi.png>] [32 <./chapterFiles/rdmReview/figures/f
igsCalledInDiss/historiograph-75quantile.png>] [33 <./chapterFiles/rdmReview/fi
gures/figsCalledInDiss/totArtCitesPerYear.png>] [34 <./chapterFiles/rdmReview/f
igures/figsCalledInDiss/revArtNums.png>] [35] [36] [37] [38] [39] [40]
Overfull \hbox (33.67842pt too wide) in alignment at lines 494--520
 [] [] 
 []


Overfull \hbox (33.67842pt too wide) in alignment at lines 520--531
 [] [] 
 []

[41] [42] [43] [44

] [45] [46] [47] [48] [49] [50] [51] [52] [53]
<./chapterFiles/fiGuide/figures/distSppedAccel.png, id=1874, 422.5386pt x 486.6
18pt>
File: ./chapterFiles/fiGuide/figures/distSppedAccel.png Graphic file (type png)

<use ./chapterFiles/fiGuide/figures/distSppedAccel.png>
Package pdftex.def Info: ./chapterFiles/fiGuide/figures/distSppedAccel.png  use
d on input line 625.
(pdftex.def)             Requested size: 411.9377pt x 474.40979pt.
<./chapterFiles/fiGuide/figures/kByTime.png, id=1883, 469.755pt x 325.215pt>
File: ./chapterFiles/fiGuide/figures/kByTime.png Graphic file (type png)
<use ./chapterFiles/fiGuide/figures/kByTime.png>
Package pdftex.def Info: ./chapterFiles/fiGuide/figures/kByTime.png  used on in
put line 632.
(pdftex.def)             Requested size: 411.9377pt x 285.18768pt.
<.//chapterFiles/fiGuide/figures/kTrajectories.png, id=1884, 469.2732pt x 325.2
15pt>
File: .//chapterFiles/fiGuide/figures/kTrajectories.png Graphic file (type png)

<use .//chapterFiles/fiGuide/figures/kTrajectories.png>
Package pdftex.def Info: .//chapterFiles/fiGuide/figures/kTrajectories.png  use
d on input line 635.
(pdftex.def)             Requested size: 411.9377pt x 285.49039pt.
<./chapterFiles/fiGuide/figures/sOverTime.png, id=1885, 469.2732pt x 325.215pt>

File: ./chapterFiles/fiGuide/figures/sOverTime.png Graphic file (type png)
<use ./chapterFiles/fiGuide/figures/sOverTime.png>
Package pdftex.def Info: ./chapterFiles/fiGuide/figures/sOverTime.png  used on 
input line 638.
(pdftex.def)             Requested size: 411.9377pt x 285.49039pt.
[54]
LaTeX Font Info:    Try loading font information for OMS+lmr on input line 643.

(/usr/local/texlive/2018/texmf-dist/tex/latex/lm/omslmr.fd
File: omslmr.fd 2009/10/30 v1.6 Font defs for Latin Modern
)
LaTeX Font Info:    Font shape `OMS/lmr/m/n' in size <12> not available
(Font)              Font shape `OMS/lmsy/m/n' tried instead on input line 643.
<./chapterFiles/fiGuide/figures/dsdtOverTime.png, id=1891, 469.755pt x 325.215p
t>
File: ./chapterFiles/fiGuide/figures/dsdtOverTime.png Graphic file (type png)
<use ./chapterFiles/fiGuide/figures/dsdtOverTime.png>
Package pdftex.def Info: ./chapterFiles/fiGuide/figures/dsdtOverTime.png  used 
on input line 645.
(pdftex.def)             Requested size: 411.9377pt x 285.18768pt.
[55]
<./chapterFiles/fiGuide/figures/fiOverTime.png, id=1899, 469.755pt x 325.215pt>

File: ./chapterFiles/fiGuide/figures/fiOverTime.png Graphic file (type png)
<use ./chapterFiles/fiGuide/figures/fiOverTime.png>
Package pdftex.def Info: ./chapterFiles/fiGuide/figures/fiOverTime.png  used on
 input line 651.
(pdftex.def)             Requested size: 411.9377pt x 285.18768pt.
[56] [57] [58 <./chapterFiles/fiGuide/figures/distSppedAccel.png>] [59 <./chapt
erFiles/fiGuide/figures/kByTime.png

pdfTeX warning: pdflatex (file ./chapterFiles/fiGuide/figures/kByTime.png): lar
ge interlaced PNG might cause out of memory (use non-interlaced PNG to fix this
)
>] [60 <.//chapterFiles/fiGuide/figures/kTrajectories.png>] [61 <./chapterFiles
/fiGuide/figures/sOverTime.png>] [62 <./chapterFiles/fiGuide/figures/dsdtOverTi
me.png

pdfTeX warning: pdflatex (file ./chapterFiles/fiGuide/figures/dsdtOverTime.png)
: large interlaced PNG might cause out of memory (use non-interlaced PNG to fix
 this)
>] [63 <./chapterFiles/fiGuide/figures/fiOverTime.png

pdfTeX warning: pdflatex (file ./chapterFiles/fiGuide/figures/fiOverTime.png): 
large interlaced PNG might cause out of memory (use non-interlaced PNG to fix t
his)
>] [64

]
<./chapterFiles/fisherSpatial/figures/figsCalledInDiss/bbsRoutesUsed.png, id=19
69, 505.89pt x 505.89pt>
File: ./chapterFiles/fisherSpatial/figures/figsCalledInDiss/bbsRoutesUsed.png G
raphic file (type png)
<use ./chapterFiles/fisherSpatial/figures/figsCalledInDiss/bbsRoutesUsed.png>
Package pdftex.def Info: ./chapterFiles/fisherSpatial/figures/figsCalledInDiss/
bbsRoutesUsed.png  used on input line 670.
(pdftex.def)             Requested size: 368.57967pt x 368.58644pt.
[65] [66 <./chapterFiles/fisherSpatial/figures/figsCalledInDiss/bbsRoutesUsed.p
ng>]
<./chapterFiles/fisherSpatial/figures/figsCalledInDiss/basesOfInterestMap.png, 
id=1988, 466.6233pt x 406.3983pt>
File: ./chapterFiles/fisherSpatial/figures/figsCalledInDiss/basesOfInterestMap.
png Graphic file (type png)
<use ./chapterFiles/fisherSpatial/figures/figsCalledInDiss/basesOfInterestMap.p
ng>
Package pdftex.def Info: ./chapterFiles/fisherSpatial/figures/figsCalledInDiss/
basesOfInterestMap.png  used on input line 685.
(pdftex.def)             Requested size: 368.57967pt x 321.02634pt.
<./chapterFiles/fisherSpatial/figures/figsCalledInDiss/allRoutesUsed_ecoregions
.png, id=1989, 385.44pt x 274.626pt>
File: ./chapterFiles/fisherSpatial/figures/figsCalledInDiss/allRoutesUsed_ecore
gions.png Graphic file (type png)
<use ./chapterFiles/fisherSpatial/figures/figsCalledInDiss/allRoutesUsed_ecoreg
ions.png>
Package pdftex.def Info: ./chapterFiles/fisherSpatial/figures/figsCalledInDiss/
allRoutesUsed_ecoregions.png  used on input line 688.
(pdftex.def)             Requested size: 368.57967pt x 262.6113pt.
[67] [68 <./chapterFiles/fisherSpatial/figures/figsCalledInDiss/basesOfInterest
Map.png>] [69 <./chapterFiles/fisherSpatial/figures/figsCalledInDiss/allRoutesU
sed_ecoregions.png>] [70] [71] [72] [73] [74]
<./chapterFiles/fisherSpatial/figures/figsCalledInDiss/transect_12_East-West_me
tric_FI_Eqn7_12.png, id=2087, 387.6081pt x 375.5631pt>
File: ./chapterFiles/fisherSpatial/figures/figsCalledInDiss/transect_12_East-We
st_metric_FI_Eqn7_12.png Graphic file (type png)
<use ./chapterFiles/fisherSpatial/figures/figsCalledInDiss/transect_12_East-Wes
t_metric_FI_Eqn7_12.png>
Package pdftex.def Info: ./chapterFiles/fisherSpatial/figures/figsCalledInDiss/
transect_12_East-West_metric_FI_Eqn7_12.png  used on input line 759.
(pdftex.def)             Requested size: 368.57967pt x 357.13821pt.
<./chapterFiles/fisherSpatial/figures/figsCalledInDiss/interp_FI_singlePair_cor
Plot_East-West.png, id=2091, 387.6081pt x 368.8179pt>
File: ./chapterFiles/fisherSpatial/figures/figsCalledInDiss/interp_FI_singlePai
r_corPlot_East-West.png Graphic file (type png)
<use ./chapterFiles/fisherSpatial/figures/figsCalledInDiss/interp_FI_singlePair
_corPlot_East-West.png>
Package pdftex.def Info: ./chapterFiles/fisherSpatial/figures/figsCalledInDiss/
interp_FI_singlePair_corPlot_East-West.png  used on input line 763.
(pdftex.def)             Requested size: 368.57967pt x 350.72392pt.
[75] [76 <./chapterFiles/fisherSpatial/figures/figsCalledInDiss/transect_12_Eas
t-West_metric_FI_Eqn7_12.png>] [77 <./chapterFiles/fisherSpatial/figures/figsCa
lledInDiss/interp_FI_singlePair_corPlot_East-West.png>]
<./chapterFiles/fisherSpatial/figures/figsCalledInDiss/usaAllTsects_East-West_m
etric_logScaleFI.png, id=2109, 1592.95125pt x 1367.1075pt>
File: ./chapterFiles/fisherSpatial/figures/figsCalledInDiss/usaAllTsects_East-W
est_metric_logScaleFI.png Graphic file (type png)
<use ./chapterFiles/fisherSpatial/figures/figsCalledInDiss/usaAllTsects_East-We
st_metric_logScaleFI.png>
Package pdftex.def Info: ./chapterFiles/fisherSpatial/figures/figsCalledInDiss/
usaAllTsects_East-West_metric_logScaleFI.png  used on input line 767.
(pdftex.def)             Requested size: 400.43277pt x 343.65347pt.
[78 <./chapterFiles/fisherSpatial/figures/figsCalledInDiss/usaAllTsects_East-We
st_metric_logScaleFI.png>]
<./chapterFiles/fisherSpatial/figures/figsCalledInDiss/scaledFiInterpolated_yea
r2010_zoom_East-West.png, id=2115, 505.6491pt x 505.6491pt>
File: ./chapterFiles/fisherSpatial/figures/figsCalledInDiss/scaledFiInterpolate
d_year2010_zoom_East-West.png Graphic file (type png)
<use ./chapterFiles/fisherSpatial/figures/figsCalledInDiss/scaledFiInterpolated
_year2010_zoom_East-West.png>
Package pdftex.def Info: ./chapterFiles/fisherSpatial/figures/figsCalledInDiss/
scaledFiInterpolated_year2010_zoom_East-West.png  used on input line 771.
(pdftex.def)             Requested size: 368.57967pt x 368.5961pt.
<./chapterFiles/fisherSpatial/figures/figsCalledInDiss/interpolated_FI_corplotS
electTransects_East-West.png, id=2116, 387.6081pt x 368.8179pt>
File: ./chapterFiles/fisherSpatial/figures/figsCalledInDiss/interpolated_FI_cor
plotSelectTransects_East-West.png Graphic file (type png)
<use ./chapterFiles/fisherSpatial/figures/figsCalledInDiss/interpolated_FI_corp
lotSelectTransects_East-West.png>
Package pdftex.def Info: ./chapterFiles/fisherSpatial/figures/figsCalledInDiss/
interpolated_FI_corplotSelectTransects_East-West.png  used on input line 774.
(pdftex.def)             Requested size: 368.57967pt x 350.72392pt.
<./chapterFiles/fisherSpatial/figures/figsCalledInDiss/interpolated_FI_corplotS
electTransects_East-West_log.png, id=2117, 387.6081pt x 368.8179pt>
File: ./chapterFiles/fisherSpatial/figures/figsCalledInDiss/interpolated_FI_cor
plotSelectTransects_East-West_log.png Graphic file (type png)
<use ./chapterFiles/fisherSpatial/figures/figsCalledInDiss/interpolated_FI_corp
lotSelectTransects_East-West_log.png>
Package pdftex.def Info: ./chapterFiles/fisherSpatial/figures/figsCalledInDiss/
interpolated_FI_corplotSelectTransects_East-West_log.png  used on input line 77
7.
(pdftex.def)             Requested size: 368.57967pt x 350.72392pt.
[79


 <./chapterFiles/fisherSpatial/figures/figsCalledInDiss/scaledFiInterpolated_ye
ar2010_zoom_East-West.png>] [80 <./chapterFiles/fisherSpatial/figures/figsCalle
dInDiss/interpolated_FI_corplotSelectTransects_East-West.png>]
<./chapterFiles/fisherSpatial/figures/figsCalledInDiss/scaledFiInterpolated_yea
r2000_East-West.png, id=2138, 505.89pt x 505.89pt>
File: ./chapterFiles/fisherSpatial/figures/figsCalledInDiss/scaledFiInterpolate
d_year2000_East-West.png Graphic file (type png)
<use ./chapterFiles/fisherSpatial/figures/figsCalledInDiss/scaledFiInterpolated
_year2000_East-West.png>
Package pdftex.def Info: ./chapterFiles/fisherSpatial/figures/figsCalledInDiss/
scaledFiInterpolated_year2000_East-West.png  used on input line 786.
(pdftex.def)             Requested size: 368.57967pt x 368.58644pt.
[81 <./chapterFiles/fisherSpatial/figures/figsCalledInDiss/interpolated_FI_corp
lotSelectTransects_East-West_log.png>] [82 <./chapterFiles/fisherSpatial/figure
s/figsCalledInDiss/scaledFiInterpolated_year2000_East-West.png>] [83] [84]
Overfull \hbox (2.26875pt too wide) in paragraph at lines 801--802
[]\OT1/lmr/m/n/12 Effective regime de-tec-tion mea-sures should pro-vide suf-fi
-cient ev-i-dence of the drivers
 []

[85]
Overfull \hbox (5.36578pt too wide) in paragraph at lines 814--816
[]\OT1/lmr/m/n/12 Relationship of Fisher In-for-ma-tion to like-li-hood ratio-b
ased un-su-per-vised change-
 []

[86] [87

] [88]
<./chapterFiles/resampling/figsCalledInDiss/origDataRelAbundance.png, id=2236, 
278.4804pt x 376.2858pt>
File: ./chapterFiles/resampling/figsCalledInDiss/origDataRelAbundance.png Graph
ic file (type png)
<use ./chapterFiles/resampling/figsCalledInDiss/origDataRelAbundance.png>
Package pdftex.def Info: ./chapterFiles/resampling/figsCalledInDiss/origDataRel
Abundance.png  used on input line 847.
(pdftex.def)             Requested size: 368.57967pt x 498.04807pt.
<./chapterFiles/resampling/figsCalledInDiss/timeElapsed.png, id=2237, 312.2064p
t x 297.9933pt>
File: ./chapterFiles/resampling/figsCalledInDiss/timeElapsed.png Graphic file (
type png)
<use ./chapterFiles/resampling/figsCalledInDiss/timeElapsed.png>
Package pdftex.def Info: ./chapterFiles/resampling/figsCalledInDiss/timeElapsed
.png  used on input line 850.
(pdftex.def)             Requested size: 325.21501pt x 310.42407pt.
[89] [90 <./chapterFiles/resampling/figsCalledInDiss/origDataRelAbundance.png>]
[91 <./chapterFiles/resampling/figsCalledInDiss/timeElapsed.png>] [92]
<./chapterFiles/resampling/figsCalledInDiss/VI_cvDensity.png, id=2295, 433.62pt
 x 289.08pt>
File: ./chapterFiles/resampling/figsCalledInDiss/VI_cvDensity.png Graphic file 
(type png)
<use ./chapterFiles/resampling/figsCalledInDiss/VI_cvDensity.png>
Package pdftex.def Info: ./chapterFiles/resampling/figsCalledInDiss/VI_cvDensit
y.png  used on input line 894.
(pdftex.def)             Requested size: 368.57967pt x 245.73238pt.
<./chapterFiles/resampling/figsCalledInDiss/VI_observations_ribboned_facetByPro
b.png, id=2296, 500.5902pt x 306.1839pt>
File: ./chapterFiles/resampling/figsCalledInDiss/VI_observations_ribboned_facet
ByProb.png Graphic file (type png)
<use ./chapterFiles/resampling/figsCalledInDiss/VI_observations_ribboned_facetB
yProb.png>
Package pdftex.def Info: ./chapterFiles/resampling/figsCalledInDiss/VI_observat
ions_ribboned_facetByProb.png  used on input line 898.
(pdftex.def)             Requested size: 368.57967pt x 225.45125pt.
[93] [94 <./chapterFiles/resampling/figsCalledInDiss/VI_cvDensity.png>] [95 <./
chapterFiles/resampling/figsCalledInDiss/VI_observations_ribboned_facetByProb.p
ng>]
<./chapterFiles/resampling/figsCalledInDiss/VI_species_ribboned_facetByProb.png
, id=2317, 500.5902pt x 306.1839pt>
File: ./chapterFiles/resampling/figsCalledInDiss/VI_species_ribboned_facetByPro
b.png Graphic file (type png)
<use ./chapterFiles/resampling/figsCalledInDiss/VI_species_ribboned_facetByProb
.png>
Package pdftex.def Info: ./chapterFiles/resampling/figsCalledInDiss/VI_species_
ribboned_facetByProb.png  used on input line 910.
(pdftex.def)             Requested size: 368.57967pt x 225.45125pt.
[96 <./chapterFiles/resampling/figsCalledInDiss/VI_species_ribboned_facetByProb
.png>]
<./chapterFiles/resampling/figsCalledInDiss/dsdt_observations_ribboned_facetByP
rob.png, id=2324, 500.5902pt x 306.1839pt>
File: ./chapterFiles/resampling/figsCalledInDiss/dsdt_observations_ribboned_fac
etByProb.png Graphic file (type png)
<use ./chapterFiles/resampling/figsCalledInDiss/dsdt_observations_ribboned_face
tByProb.png>
Package pdftex.def Info: ./chapterFiles/resampling/figsCalledInDiss/dsdt_observ
ations_ribboned_facetByProb.png  used on input line 918.
(pdftex.def)             Requested size: 368.57967pt x 225.45125pt.

Underfull \hbox (badness 10000) in paragraph at lines 923--925

 []

[97 <./chapterFiles/resampling/figsCalledInDiss/dsdt_observations_ribboned_face
tByProb.png>]
<./chapterFiles/resampling/figsCalledInDiss/dsdt_observations_ribboned_facetByP
rob_regime2.png, id=2331, 500.5902pt x 306.1839pt>
File: ./chapterFiles/resampling/figsCalledInDiss/dsdt_observations_ribboned_fac
etByProb_regime2.png Graphic file (type png)
<use ./chapterFiles/resampling/figsCalledInDiss/dsdt_observations_ribboned_face
tByProb_regime2.png>
Package pdftex.def Info: ./chapterFiles/resampling/figsCalledInDiss/dsdt_observ
ations_ribboned_facetByProb_regime2.png  used on input line 927.
(pdftex.def)             Requested size: 325.21501pt x 198.92372pt.
<./chapterFiles/resampling/figsCalledInDiss/s_cvDensity.png, id=2332, 433.62pt 
x 289.08pt>
File: ./chapterFiles/resampling/figsCalledInDiss/s_cvDensity.png Graphic file (
type png)
<use ./chapterFiles/resampling/figsCalledInDiss/s_cvDensity.png>
Package pdftex.def Info: ./chapterFiles/resampling/figsCalledInDiss/s_cvDensity
.png  used on input line 931.
(pdftex.def)             Requested size: 368.57967pt x 245.73238pt.
LaTeX Font Info:    Font shape `OML/lmr/m/it' in size <12> not available
(Font)              Font shape `OML/lmm/m/it' tried instead on input line 931.
[98] [99 <./chapterFiles/resampling/figsCalledInDiss/dsdt_observations_ribboned
_facetByProb_regime2.png>]
Overfull \hbox (6.92125pt too wide) in paragraph at lines 944--945
\OT1/lmr/m/n/12 The Vari-ance In-dex (VI) per-formed best un-der the the ob-ser
-va-tions re-sam-pling method,
 []

[100 <./chapterFiles/resampling/figsCalledInDiss/s_cvDensity.png>]
<./chapterFiles/resampling/figsCalledInDiss/FI_cvDensity.png, id=2359, 433.62pt
 x 289.08pt>
File: ./chapterFiles/resampling/figsCalledInDiss/FI_cvDensity.png Graphic file 
(type png)
<use ./chapterFiles/resampling/figsCalledInDiss/FI_cvDensity.png>
Package pdftex.def Info: ./chapterFiles/resampling/figsCalledInDiss/FI_cvDensit
y.png  used on input line 947.
(pdftex.def)             Requested size: 368.57967pt x 245.73238pt.
<./chapterFiles/resampling/figsCalledInDiss/logFI_species_ribboned_facetByProb.
png, id=2360, 414.5889pt x 489.2679pt>
File: ./chapterFiles/resampling/figsCalledInDiss/logFI_species_ribboned_facetBy
Prob.png Graphic file (type png)
<use ./chapterFiles/resampling/figsCalledInDiss/logFI_species_ribboned_facetByP
rob.png>
Package pdftex.def Info: ./chapterFiles/resampling/figsCalledInDiss/logFI_speci
es_ribboned_facetByProb.png  used on input line 951.
(pdftex.def)             Requested size: 368.57967pt x 434.99165pt.
[101 <./chapterFiles/resampling/figsCalledInDiss/FI_cvDensity.png>]
<./chapterFiles/resampling/figsCalledInDiss/loess.png, id=2375, 622.325pt x 451
.6875pt>
File: ./chapterFiles/resampling/figsCalledInDiss/loess.png Graphic file (type p
ng)
<use ./chapterFiles/resampling/figsCalledInDiss/loess.png>
Package pdftex.def Info: ./chapterFiles/resampling/figsCalledInDiss/loess.png  
used on input line 960.
(pdftex.def)             Requested size: 368.57967pt x 267.52025pt.
[102] [103] [104] [105 <./chapterFiles/resampling/figsCalledInDiss/logFI_specie
s_ribboned_facetByProb.png>] [106 <./chapterFiles/resampling/figsCalledInDiss/l
oess.png>]
<./chapterFiles/velocity/figsCalledInDiss/lorenz3D.png, id=2417, 362.10281pt x 
222.07968pt>
File: ./chapterFiles/velocity/figsCalledInDiss/lorenz3D.png Graphic file (type 
png)
<use ./chapterFiles/velocity/figsCalledInDiss/lorenz3D.png>
Package pdftex.def Info: ./chapterFiles/velocity/figsCalledInDiss/lorenz3D.png 
 used on input line 987.
(pdftex.def)             Requested size: 368.57967pt x 226.05402pt.
<./chapterFiles/velocity/figsCalledInDiss/lorenz3D_timeseries.png, id=2429, 240
9.0pt x 1505.625pt>
File: ./chapterFiles/velocity/figsCalledInDiss/lorenz3D_timeseries.png Graphic 
file (type png)
<use ./chapterFiles/velocity/figsCalledInDiss/lorenz3D_timeseries.png>
Package pdftex.def Info: ./chapterFiles/velocity/figsCalledInDiss/lorenz3D_time
series.png  used on input line 991.
(pdftex.def)             Requested size: 368.57967pt x 230.35988pt.
[107

] [108 <./chapterFiles/velocity/figsCalledInDiss/lorenz3D.png>] [109 <./chapter
Files/velocity/figsCalledInDiss/lorenz3D_timeseries.png>] [110] [111]
LaTeX Font Info:    External font `lmex10' loaded for size
(Font)              <14.4> on input line 1021.
<./chapterFiles/velocity/figsCalledInDiss/sysEx.png, id=2476, 1806.75pt x 1355.
0625pt>
File: ./chapterFiles/velocity/figsCalledInDiss/sysEx.png Graphic file (type png
)
<use ./chapterFiles/velocity/figsCalledInDiss/sysEx.png>
Package pdftex.def Info: ./chapterFiles/velocity/figsCalledInDiss/sysEx.png  us
ed on input line 1026.
(pdftex.def)             Requested size: 368.57967pt x 276.42496pt.

Underfull \hbox (badness 1365) in paragraph at lines 1026--1026
\OT1/lmr/m/it/12 demon-strate steps for cal-cu-lat-ing sys-tem ve-loc-ity.
 []

<./chapterFiles/velocity/figsCalledInDiss/sysEx2.png, id=2479, 1806.75pt x 1355
.0625pt>
File: ./chapterFiles/velocity/figsCalledInDiss/sysEx2.png Graphic file (type pn
g)
<use ./chapterFiles/velocity/figsCalledInDiss/sysEx2.png>
Package pdftex.def Info: ./chapterFiles/velocity/figsCalledInDiss/sysEx2.png  u
sed on input line 1030.
(pdftex.def)             Requested size: 368.57967pt x 276.42496pt.
[112] [113 <./chapterFiles/velocity/figsCalledInDiss/sysEx.png>] [114 <./chapte
rFiles/velocity/figsCalledInDiss/sysEx2.png>]
<./chapterFiles/velocity/figsCalledInDiss/sysExs.png, id=2503, 1806.75pt x 1355
.0625pt>
File: ./chapterFiles/velocity/figsCalledInDiss/sysExs.png Graphic file (type pn
g)
<use ./chapterFiles/velocity/figsCalledInDiss/sysExs.png>
Package pdftex.def Info: ./chapterFiles/velocity/figsCalledInDiss/sysExs.png  u
sed on input line 1056.
(pdftex.def)             Requested size: 368.57967pt x 276.42496pt.
[115]
<./chapterFiles/velocity/figsCalledInDiss/velocitySysEx1.png, id=2518, 526.8483
pt x 325.215pt>
File: ./chapterFiles/velocity/figsCalledInDiss/velocitySysEx1.png Graphic file 
(type png)
<use ./chapterFiles/velocity/figsCalledInDiss/velocitySysEx1.png>
Package pdftex.def Info: ./chapterFiles/velocity/figsCalledInDiss/velocitySysEx
1.png  used on input line 1069.
(pdftex.def)             Requested size: 368.57967pt x 227.51495pt.
[116 <./chapterFiles/velocity/figsCalledInDiss/sysExs.png>] [117 <./chapterFile
s/velocity/figsCalledInDiss/velocitySysEx1.png>]

Package hyperref Warning: Difference (2) between bookmark levels is greater 
(hyperref)                than one, level fixed on input line 1097.

<./chapterFiles/velocity/figsCalledInDiss/simVplot1.png, id=2540, 2107.875pt x 
2107.875pt>
File: ./chapterFiles/velocity/figsCalledInDiss/simVplot1.png Graphic file (type
 png)
<use ./chapterFiles/velocity/figsCalledInDiss/simVplot1.png>
Package pdftex.def Info: ./chapterFiles/velocity/figsCalledInDiss/simVplot1.png
  used on input line 1101.
(pdftex.def)             Requested size: 368.57967pt x 368.56201pt.
<./chapterFiles/velocity/figsCalledInDiss/simVplot2.png, id=2541, 2107.875pt x 
2107.875pt>
File: ./chapterFiles/velocity/figsCalledInDiss/simVplot2.png Graphic file (type
 png)
<use ./chapterFiles/velocity/figsCalledInDiss/simVplot2.png>
Package pdftex.def Info: ./chapterFiles/velocity/figsCalledInDiss/simVplot2.png
  used on input line 1104.
(pdftex.def)             Requested size: 368.57967pt x 368.56201pt.
<./chapterFiles/velocity/figsCalledInDiss/simVarPlot.png, id=2542, 2107.875pt x
 2107.875pt>
File: ./chapterFiles/velocity/figsCalledInDiss/simVarPlot.png Graphic file (typ
e png)
<use ./chapterFiles/velocity/figsCalledInDiss/simVarPlot.png>
Package pdftex.def Info: ./chapterFiles/velocity/figsCalledInDiss/simVarPlot.pn
g  used on input line 1111.
(pdftex.def)             Requested size: 368.57967pt x 368.56201pt.
<./chapterFiles/velocity/figsCalledInDiss/simVarPlot2.png, id=2543, 2107.875pt 
x 2107.875pt>
File: ./chapterFiles/velocity/figsCalledInDiss/simVarPlot2.png Graphic file (ty
pe png)
<use ./chapterFiles/velocity/figsCalledInDiss/simVarPlot2.png>
Package pdftex.def Info: ./chapterFiles/velocity/figsCalledInDiss/simVarPlot2.p
ng  used on input line 1114.
(pdftex.def)             Requested size: 368.57967pt x 368.56201pt.
[118] [119 <./chapterFiles/velocity/figsCalledInDiss/simVplot1.png>]
<./chapterFiles/velocity/figsCalledInDiss/smoothV.png, id=2559, 2107.875pt x 21
07.875pt>
File: ./chapterFiles/velocity/figsCalledInDiss/smoothV.png Graphic file (type p
ng)
<use ./chapterFiles/velocity/figsCalledInDiss/smoothV.png>
Package pdftex.def Info: ./chapterFiles/velocity/figsCalledInDiss/smoothV.png  
used on input line 1121.
(pdftex.def)             Requested size: 368.57967pt x 368.56201pt.
[120 <./chapterFiles/velocity/figsCalledInDiss/simVplot2.png>] [121 <./chapterF
iles/velocity/figsCalledInDiss/simVarPlot.png>] [122 <./chapterFiles/velocity/f
igsCalledInDiss/simVarPlot2.png>] [123 <./chapterFiles/velocity/figsCalledInDis
s/smoothV.png>] [124]
<./chapterFiles/velocity/figsCalledInDiss/changeMuBoth_tanhAlpha025-05tvdiffAlp
ha-1000iter_origDat.png, id=2593, 1806.75pt x 1355.0625pt>
File: ./chapterFiles/velocity/figsCalledInDiss/changeMuBoth_tanhAlpha025-05tvdi
ffAlpha-1000iter_origDat.png Graphic file (type png)
<use ./chapterFiles/velocity/figsCalledInDiss/changeMuBoth_tanhAlpha025-05tvdif
fAlpha-1000iter_origDat.png>
Package pdftex.def Info: ./chapterFiles/velocity/figsCalledInDiss/changeMuBoth_
tanhAlpha025-05tvdiffAlpha-1000iter_origDat.png  used on input line 1166.
(pdftex.def)             Requested size: 368.57967pt x 276.42496pt.
<./chapterFiles/velocity/figsCalledInDiss/changeMuBoth_tanhAlpha1-100tvdiffAlph
a-1000iter_origDat.png, id=2594, 1806.75pt x 1355.0625pt>
File: ./chapterFiles/velocity/figsCalledInDiss/changeMuBoth_tanhAlpha1-100tvdif
fAlpha-1000iter_origDat.png Graphic file (type png)
<use ./chapterFiles/velocity/figsCalledInDiss/changeMuBoth_tanhAlpha1-100tvdiff
Alpha-1000iter_origDat.png>
Package pdftex.def Info: ./chapterFiles/velocity/figsCalledInDiss/changeMuBoth_
tanhAlpha1-100tvdiffAlpha-1000iter_origDat.png  used on input line 1169.
(pdftex.def)             Requested size: 368.57967pt x 276.42496pt.
[125] [126 <./chapterFiles/velocity/figsCalledInDiss/changeMuBoth_tanhAlpha025-
05tvdiffAlpha-1000iter_origDat.png>] [127 <./chapterFiles/velocity/figsCalledIn
Diss/changeMuBoth_tanhAlpha1-100tvdiffAlpha-1000iter_origDat.png>]
<.//chapterFiles/velocity/figsCalledInDiss/compareTvdiff_s_changeMuX1_tanhAlpha
1-05tvdiffAlpha-1000iter.png, id=2629, 1806.75pt x 1355.0625pt>
File: .//chapterFiles/velocity/figsCalledInDiss/compareTvdiff_s_changeMuX1_tanh
Alpha1-05tvdiffAlpha-1000iter.png Graphic file (type png)
<use .//chapterFiles/velocity/figsCalledInDiss/compareTvdiff_s_changeMuX1_tanhA
lpha1-05tvdiffAlpha-1000iter.png>
Package pdftex.def Info: .//chapterFiles/velocity/figsCalledInDiss/compareTvdif
f_s_changeMuX1_tanhAlpha1-05tvdiffAlpha-1000iter.png  used on input line 1194.
(pdftex.def)             Requested size: 368.57967pt x 276.42496pt.
[128]
<./chapterFiles/velocity/figsCalledInDiss/changeMuX1_tanhAlpha025-05tvdiffAlpha
-1000iter_stackTvdiff.png, id=2636, 1806.75pt x 1355.0625pt>
File: ./chapterFiles/velocity/figsCalledInDiss/changeMuX1_tanhAlpha025-05tvdiff
Alpha-1000iter_stackTvdiff.png Graphic file (type png)
<use ./chapterFiles/velocity/figsCalledInDiss/changeMuX1_tanhAlpha025-05tvdiffA
lpha-1000iter_stackTvdiff.png>
Package pdftex.def Info: ./chapterFiles/velocity/figsCalledInDiss/changeMuX1_ta
nhAlpha025-05tvdiffAlpha-1000iter_stackTvdiff.png  used on input line 1198.
(pdftex.def)             Requested size: 368.57967pt x 276.42496pt.
<./chapterFiles/velocity/figsCalledInDiss/changeMuX1_tanhAlpha05-05tvdiffAlpha-
1000iter_stackTvdiff.png, id=2637, 1806.75pt x 1355.0625pt>
File: ./chapterFiles/velocity/figsCalledInDiss/changeMuX1_tanhAlpha05-05tvdiffA
lpha-1000iter_stackTvdiff.png Graphic file (type png)
<use ./chapterFiles/velocity/figsCalledInDiss/changeMuX1_tanhAlpha05-05tvdiffAl
pha-1000iter_stackTvdiff.png>
Package pdftex.def Info: ./chapterFiles/velocity/figsCalledInDiss/changeMuX1_ta
nhAlpha05-05tvdiffAlpha-1000iter_stackTvdiff.png  used on input line 1202.
(pdftex.def)             Requested size: 368.57967pt x 276.42496pt.
<./chapterFiles/velocity/figsCalledInDiss/changeMuX1_tanhAlpha075-05tvdiffAlpha
-1000iter_stackTvdiff.png, id=2638, 1806.75pt x 1355.0625pt>
File: ./chapterFiles/velocity/figsCalledInDiss/changeMuX1_tanhAlpha075-05tvdiff
Alpha-1000iter_stackTvdiff.png Graphic file (type png)
<use ./chapterFiles/velocity/figsCalledInDiss/changeMuX1_tanhAlpha075-05tvdiffA
lpha-1000iter_stackTvdiff.png>
Package pdftex.def Info: ./chapterFiles/velocity/figsCalledInDiss/changeMuX1_ta
nhAlpha075-05tvdiffAlpha-1000iter_stackTvdiff.png  used on input line 1206.
(pdftex.def)             Requested size: 368.57967pt x 276.42496pt.
<./chapterFiles/velocity/figsCalledInDiss/changeMuX1_tanhAlpha1-05tvdiffAlpha-1
000iter_stackTvdiff.png, id=2639, 1806.75pt x 1355.0625pt>
File: ./chapterFiles/velocity/figsCalledInDiss/changeMuX1_tanhAlpha1-05tvdiffAl
pha-1000iter_stackTvdiff.png Graphic file (type png)
<use ./chapterFiles/velocity/figsCalledInDiss/changeMuX1_tanhAlpha1-05tvdiffAlp
ha-1000iter_stackTvdiff.png>
Package pdftex.def Info: ./chapterFiles/velocity/figsCalledInDiss/changeMuX1_ta
nhAlpha1-05tvdiffAlpha-1000iter_stackTvdiff.png  used on input line 1210.
(pdftex.def)             Requested size: 368.57967pt x 276.42496pt.
<./chapterFiles/velocity/figsCalledInDiss/changeMuBoth_tanhAlpha075-05tvdiffAlp
ha-1000iter_stackTvdiff.png, id=2640, 1806.75pt x 1355.0625pt>
File: ./chapterFiles/velocity/figsCalledInDiss/changeMuBoth_tanhAlpha075-05tvdi
ffAlpha-1000iter_stackTvdiff.png Graphic file (type png)
<use ./chapterFiles/velocity/figsCalledInDiss/changeMuBoth_tanhAlpha075-05tvdif
fAlpha-1000iter_stackTvdiff.png>
Package pdftex.def Info: ./chapterFiles/velocity/figsCalledInDiss/changeMuBoth_
tanhAlpha075-05tvdiffAlpha-1000iter_stackTvdiff.png  used on input line 1214.
(pdftex.def)             Requested size: 368.57967pt x 276.42496pt.
<./chapterFiles/velocity/figsCalledInDiss/changeVarBoth_tanhAlpha075-5tvdiffAlp
ha-1000iter_stackTvdiff.png, id=2641, 1806.75pt x 1355.0625pt>
File: ./chapterFiles/velocity/figsCalledInDiss/changeVarBoth_tanhAlpha075-5tvdi
ffAlpha-1000iter_stackTvdiff.png Graphic file (type png)
<use ./chapterFiles/velocity/figsCalledInDiss/changeVarBoth_tanhAlpha075-5tvdif
fAlpha-1000iter_stackTvdiff.png>
Package pdftex.def Info: ./chapterFiles/velocity/figsCalledInDiss/changeVarBoth
_tanhAlpha075-5tvdiffAlpha-1000iter_stackTvdiff.png  used on input line 1218.
(pdftex.def)             Requested size: 368.57967pt x 276.42496pt.
<./chapterFiles/velocity/figsCalledInDiss/changeVarX1_tanhAlpha075-10tvdiffAlph
a-1000iter_stackTvdiff.png, id=2642, 1806.75pt x 1355.0625pt>
File: ./chapterFiles/velocity/figsCalledInDiss/changeVarX1_tanhAlpha075-10tvdif
fAlpha-1000iter_stackTvdiff.png Graphic file (type png)
<use ./chapterFiles/velocity/figsCalledInDiss/changeVarX1_tanhAlpha075-10tvdiff
Alpha-1000iter_stackTvdiff.png>
Package pdftex.def Info: ./chapterFiles/velocity/figsCalledInDiss/changeVarX1_t
anhAlpha075-10tvdiffAlpha-1000iter_stackTvdiff.png  used on input line 1222.
(pdftex.def)             Requested size: 368.57967pt x 276.42496pt.
<./chapterFiles/velocity/figsCalledInDiss/changeMuBoth_tanhAlpha025-05tvdiffAlp
ha-1000iter_stackTvdiff.png, id=2643, 1806.75pt x 1355.0625pt>
File: ./chapterFiles/velocity/figsCalledInDiss/changeMuBoth_tanhAlpha025-05tvdi
ffAlpha-1000iter_stackTvdiff.png Graphic file (type png)
<use ./chapterFiles/velocity/figsCalledInDiss/changeMuBoth_tanhAlpha025-05tvdif
fAlpha-1000iter_stackTvdiff.png>
Package pdftex.def Info: ./chapterFiles/velocity/figsCalledInDiss/changeMuBoth_
tanhAlpha025-05tvdiffAlpha-1000iter_stackTvdiff.png  used on input line 1226.
(pdftex.def)             Requested size: 368.57967pt x 276.42496pt.

Overfull \hbox (6.48253pt too wide) in paragraph at lines 1231--1232
\OT1/lmr/m/n/12 quickly the sum of the squared sys-tem vari-ables change be-twe
en ob-ser-va-tions (i.e. time).
 []

[129 <.//chapterFiles/velocity/figsCalledInDiss/compareTvdiff_s_changeMuX1_tanh
Alpha1-05tvdiffAlpha-1000iter.png>] [130 <./chapterFiles/velocity/figsCalledInD
iss/changeMuX1_tanhAlpha025-05tvdiffAlpha-1000iter_stackTvdiff.png>] [131 <./ch
apterFiles/velocity/figsCalledInDiss/changeMuX1_tanhAlpha05-05tvdiffAlpha-1000i
ter_stackTvdiff.png>]
<./chapterFiles/velocity/figsCalledInDiss/changeMuVarBoth_tanhAlpha025-5tvdiffA
lpha-1000iter_stackTvdiff.png, id=2676, 1806.75pt x 1355.0625pt>
File: ./chapterFiles/velocity/figsCalledInDiss/changeMuVarBoth_tanhAlpha025-5tv
diffAlpha-1000iter_stackTvdiff.png Graphic file (type png)
<use ./chapterFiles/velocity/figsCalledInDiss/changeMuVarBoth_tanhAlpha025-5tvd
iffAlpha-1000iter_stackTvdiff.png>
Package pdftex.def Info: ./chapterFiles/velocity/figsCalledInDiss/changeMuVarBo
th_tanhAlpha025-5tvdiffAlpha-1000iter_stackTvdiff.png  used on input line 1245.

(pdftex.def)             Requested size: 368.57967pt x 276.42496pt.
[132 <./chapterFiles/velocity/figsCalledInDiss/changeMuX1_tanhAlpha075-05tvdiff
Alpha-1000iter_stackTvdiff.png>]
<./chapterFiles/velocity/figsCalledInDiss/changeMuVarBoth_tanhAlpha1-10tvdiffAl
pha-1000iter_stackTvdiff.png, id=2683, 1806.75pt x 1355.0625pt>
File: ./chapterFiles/velocity/figsCalledInDiss/changeMuVarBoth_tanhAlpha1-10tvd
iffAlpha-1000iter_stackTvdiff.png Graphic file (type png)
<use ./chapterFiles/velocity/figsCalledInDiss/changeMuVarBoth_tanhAlpha1-10tvdi
ffAlpha-1000iter_stackTvdiff.png>
Package pdftex.def Info: ./chapterFiles/velocity/figsCalledInDiss/changeMuVarBo
th_tanhAlpha1-10tvdiffAlpha-1000iter_stackTvdiff.png  used on input line 1249.
(pdftex.def)             Requested size: 368.57967pt x 276.42496pt.
<./chapterFiles/velocity/figsCalledInDiss/paleoTurnover.png, id=2684, 2107.875p
t x 2107.875pt>
File: ./chapterFiles/velocity/figsCalledInDiss/paleoTurnover.png Graphic file (
type png)
<use ./chapterFiles/velocity/figsCalledInDiss/paleoTurnover.png>
Package pdftex.def Info: ./chapterFiles/velocity/figsCalledInDiss/paleoTurnover
.png  used on input line 1252.
(pdftex.def)             Requested size: 368.57967pt x 368.56201pt.
<./chapterFiles/velocity/figsCalledInDiss/paleoVelocity.png, id=2691, 2107.875p
t x 2107.875pt>
File: ./chapterFiles/velocity/figsCalledInDiss/paleoVelocity.png Graphic file (
type png)
<use ./chapterFiles/velocity/figsCalledInDiss/paleoVelocity.png>
Package pdftex.def Info: ./chapterFiles/velocity/figsCalledInDiss/paleoVelocity
.png  used on input line 1259.
(pdftex.def)             Requested size: 368.57967pt x 368.56201pt.
<./chapterFiles/velocity/figsCalledInDiss/paleoRegime1and3.png, id=2692, 2107.8
75pt x 2107.875pt>
File: ./chapterFiles/velocity/figsCalledInDiss/paleoRegime1and3.png Graphic fil
e (type png)
<use ./chapterFiles/velocity/figsCalledInDiss/paleoRegime1and3.png>
Package pdftex.def Info: ./chapterFiles/velocity/figsCalledInDiss/paleoRegime1a
nd3.png  used on input line 1262.
(pdftex.def)             Requested size: 368.57967pt x 368.56201pt.
[133 <./chapterFiles/velocity/figsCalledInDiss/changeMuX1_tanhAlpha1-05tvdiffAl
pha-1000iter_stackTvdiff.png>] [134 <./chapterFiles/velocity/figsCalledInDiss/c
hangeMuBoth_tanhAlpha075-05tvdiffAlpha-1000iter_stackTvdiff.png>]
Underfull \hbox (badness 10000) in paragraph at lines 1269--1271

 []

<./chapterFiles/velocity/figsCalledInDiss/paleoObsPred.png, id=2714, 2107.875pt
 x 2107.875pt>
File: ./chapterFiles/velocity/figsCalledInDiss/paleoObsPred.png Graphic file (t
ype png)
<use ./chapterFiles/velocity/figsCalledInDiss/paleoObsPred.png>
Package pdftex.def Info: ./chapterFiles/velocity/figsCalledInDiss/paleoObsPred.
png  used on input line 1275.
(pdftex.def)             Requested size: 368.57967pt x 368.56201pt.
<./chapterFiles/velocity/figsCalledInDiss/paleoV.png, id=2719, 2107.875pt x 210
7.875pt>
File: ./chapterFiles/velocity/figsCalledInDiss/paleoV.png Graphic file (type pn
g)
<use ./chapterFiles/velocity/figsCalledInDiss/paleoV.png>
Package pdftex.def Info: ./chapterFiles/velocity/figsCalledInDiss/paleoV.png  u
sed on input line 1279.
(pdftex.def)             Requested size: 368.57967pt x 368.56201pt.
[135 <./chapterFiles/velocity/figsCalledInDiss/changeVarBoth_tanhAlpha075-5tvdi
ffAlpha-1000iter_stackTvdiff.png>] [136 <./chapterFiles/velocity/figsCalledInDi
ss/changeVarX1_tanhAlpha075-10tvdiffAlpha-1000iter_stackTvdiff.png>] [137 <./ch
apterFiles/velocity/figsCalledInDiss/changeMuBoth_tanhAlpha025-05tvdiffAlpha-10
00iter_stackTvdiff.png>] [138 <./chapterFiles/velocity/figsCalledInDiss/changeM
uVarBoth_tanhAlpha025-5tvdiffAlpha-1000iter_stackTvdiff.png>] [139 <./chapterFi
les/velocity/figsCalledInDiss/changeMuVarBoth_tanhAlpha1-10tvdiffAlpha-1000iter
_stackTvdiff.png>] [140 <./chapterFiles/velocity/figsCalledInDiss/paleoTurnover
.png>] [141 <./chapterFiles/velocity/figsCalledInDiss/paleoVelocity.png>] [142 
<./chapterFiles/velocity/figsCalledInDiss/paleoRegime1and3.png>]
<./chapterFiles/velocity/figsCalledInDiss/velocSysEx2.png, id=2777, 454.3374pt 
x 305.943pt>
File: ./chapterFiles/velocity/figsCalledInDiss/velocSysEx2.png Graphic file (ty
pe png)
<use ./chapterFiles/velocity/figsCalledInDiss/velocSysEx2.png>
Package pdftex.def Info: ./chapterFiles/velocity/figsCalledInDiss/velocSysEx2.p
ng  used on input line 1295.
(pdftex.def)             Requested size: 368.57967pt x 248.20459pt.
[143 <./chapterFiles/velocity/figsCalledInDiss/paleoObsPred.png>]
<./chapterFiles/velocity/figsCalledInDiss/velocSysEx3.png, id=2786, 454.3374pt 
x 305.943pt>
File: ./chapterFiles/velocity/figsCalledInDiss/velocSysEx3.png Graphic file (ty
pe png)
<use ./chapterFiles/velocity/figsCalledInDiss/velocSysEx3.png>
Package pdftex.def Info: ./chapterFiles/velocity/figsCalledInDiss/velocSysEx3.p
ng  used on input line 1299.
(pdftex.def)             Requested size: 368.57967pt x 248.20459pt.
<./chapterFiles/velocity/figsCalledInDiss/velocSysEx4.png, id=2787, 454.3374pt 
x 305.943pt>
File: ./chapterFiles/velocity/figsCalledInDiss/velocSysEx4.png Graphic file (ty
pe png)
<use ./chapterFiles/velocity/figsCalledInDiss/velocSysEx4.png>
Package pdftex.def Info: ./chapterFiles/velocity/figsCalledInDiss/velocSysEx4.p
ng  used on input line 1303.
(pdftex.def)             Requested size: 368.57967pt x 248.20459pt.
[144 <./chapterFiles/velocity/figsCalledInDiss/paleoV.png>] [145 <./chapterFile
s/velocity/figsCalledInDiss/velocSysEx2.png>] [146 <./chapterFiles/velocity/fig
sCalledInDiss/velocSysEx3.png>] [147 <./chapterFiles/velocity/figsCalledInDiss/
velocSysEx4.png>] [148

]
<.//chapterFiles/discontinuityAnalysis/figsCalledInDiss/mybbox_onBCRmap.jpg, id
=2843, 676.5275pt x 703.62875pt>
File: .//chapterFiles/discontinuityAnalysis/figsCalledInDiss/mybbox_onBCRmap.jp
g Graphic file (type jpg)
<use .//chapterFiles/discontinuityAnalysis/figsCalledInDiss/mybbox_onBCRmap.jpg
>
Package pdftex.def Info: .//chapterFiles/discontinuityAnalysis/figsCalledInDiss
/mybbox_onBCRmap.jpg  used on input line 1320.
(pdftex.def)             Requested size: 368.57967pt x 383.35733pt.
[149] [150 <.//chapterFiles/discontinuityAnalysis/figsCalledInDiss/mybbox_onBCR
map.jpg>] [151] [152]
<.//chapterFiles/discontinuityAnalysis/figsCalledInDiss/routes_spatRegimeLines2
.png, id=2894, 469.755pt x 361.35pt>
File: .//chapterFiles/discontinuityAnalysis/figsCalledInDiss/routes_spatRegimeL
ines2.png Graphic file (type png)
<use .//chapterFiles/discontinuityAnalysis/figsCalledInDiss/routes_spatRegimeLi
nes2.png>
Package pdftex.def Info: .//chapterFiles/discontinuityAnalysis/figsCalledInDiss
/routes_spatRegimeLines2.png  used on input line 1359.
(pdftex.def)             Requested size: 368.57967pt x 283.52254pt.

Underfull \hbox (badness 3179) in paragraph at lines 1359--1359
[] []|\OT1/lmr/m/it/12 North Amer-i-can Breed-ing Bird Sur-vey routes
 []

[153] [154] [155 <.//chapterFiles/discontinuityAnalysis/figsCalledInDiss/routes
_spatRegimeLines2.png>] [156] [157] [158] [159] [160] [161] [162] [163] [164]
<_myDissertation_files/figure-latex/nRtesPerRegimePerYearFig-1.pdf, id=3009, 45
7.71pt x 313.17pt>
File: _myDissertation_files/figure-latex/nRtesPerRegimePerYearFig-1.pdf Graphic
 file (type pdf)
<use _myDissertation_files/figure-latex/nRtesPerRegimePerYearFig-1.pdf>
Package pdftex.def Info: _myDissertation_files/figure-latex/nRtesPerRegimePerYe
arFig-1.pdf  used on input line 1563.
(pdftex.def)             Requested size: 368.57967pt x 252.19449pt.
<.//chapterFiles/discontinuityAnalysis/figsCalledInDiss/richnessByYear.png, id=
3010, 469.755pt x 361.35pt>
File: .//chapterFiles/discontinuityAnalysis/figsCalledInDiss/richnessByYear.png
 Graphic file (type png)
<use .//chapterFiles/discontinuityAnalysis/figsCalledInDiss/richnessByYear.png>

Package pdftex.def Info: .//chapterFiles/discontinuityAnalysis/figsCalledInDiss
/richnessByYear.png  used on input line 1566.
(pdftex.def)             Requested size: 368.57967pt x 283.52254pt.
<.//chapterFiles/discontinuityAnalysis/figsCalledInDiss/turnoverByYear.png, id=
3011, 469.755pt x 361.35pt>
File: .//chapterFiles/discontinuityAnalysis/figsCalledInDiss/turnoverByYear.png
 Graphic file (type png)
<use .//chapterFiles/discontinuityAnalysis/figsCalledInDiss/turnoverByYear.png>

Package pdftex.def Info: .//chapterFiles/discontinuityAnalysis/figsCalledInDiss
/turnoverByYear.png  used on input line 1569.
(pdftex.def)             Requested size: 368.57967pt x 283.52254pt.
[165] [166]
<.//chapterFiles/discontinuityAnalysis/figsCalledInDiss/intrxnPlot_regime.png, 
id=3021, 469.755pt x 361.35pt>
File: .//chapterFiles/discontinuityAnalysis/figsCalledInDiss/intrxnPlot_regime.
png Graphic file (type png)
<use .//chapterFiles/discontinuityAnalysis/figsCalledInDiss/intrxnPlot_regime.p
ng>
Package pdftex.def Info: .//chapterFiles/discontinuityAnalysis/figsCalledInDiss
/intrxnPlot_regime.png  used on input line 1642.
(pdftex.def)             Requested size: 346.89734pt x 266.84344pt.
<.//chapterFiles/discontinuityAnalysis/figsCalledInDiss/intrxnPlot_regime1.png,
 id=3022, 469.755pt x 361.35pt>
File: .//chapterFiles/discontinuityAnalysis/figsCalledInDiss/intrxnPlot_regime1
.png Graphic file (type png)
<use .//chapterFiles/discontinuityAnalysis/figsCalledInDiss/intrxnPlot_regime1.
png>
Package pdftex.def Info: .//chapterFiles/discontinuityAnalysis/figsCalledInDiss
/intrxnPlot_regime1.png  used on input line 1645.
(pdftex.def)             Requested size: 346.89734pt x 266.84344pt.
[167]
<.//chapterFiles/discontinuityAnalysis/figsCalledInDiss/stopTotal-byBCR-logSum.
png, id=3037, 469.755pt x 361.35pt>
File: .//chapterFiles/discontinuityAnalysis/figsCalledInDiss/stopTotal-byBCR-lo
gSum.png Graphic file (type png)
<use .//chapterFiles/discontinuityAnalysis/figsCalledInDiss/stopTotal-byBCR-log
Sum.png>
Package pdftex.def Info: .//chapterFiles/discontinuityAnalysis/figsCalledInDiss
/stopTotal-byBCR-logSum.png  used on input line 1655.
(pdftex.def)             Requested size: 368.57967pt x 283.52254pt.
<.//chapterFiles/discontinuityAnalysis/figsCalledInDiss/stopTotal-byBCR-mean.pn
g, id=3038, 469.755pt x 361.35pt>
File: .//chapterFiles/discontinuityAnalysis/figsCalledInDiss/stopTotal-byBCR-me
an.png Graphic file (type png)
<use .//chapterFiles/discontinuityAnalysis/figsCalledInDiss/stopTotal-byBCR-mea
n.png>
Package pdftex.def Info: .//chapterFiles/discontinuityAnalysis/figsCalledInDiss
/stopTotal-byBCR-mean.png  used on input line 1658.
(pdftex.def)             Requested size: 368.57967pt x 283.52254pt.
<.//chapterFiles/discontinuityAnalysis/figsCalledInDiss/stopTotal-byBCR-CV.png,
 id=3039, 469.755pt x 361.35pt>
File: .//chapterFiles/discontinuityAnalysis/figsCalledInDiss/stopTotal-byBCR-CV
.png Graphic file (type png)
<use .//chapterFiles/discontinuityAnalysis/figsCalledInDiss/stopTotal-byBCR-CV.
png>
Package pdftex.def Info: .//chapterFiles/discontinuityAnalysis/figsCalledInDiss
/stopTotal-byBCR-CV.png  used on input line 1661.
(pdftex.def)             Requested size: 368.57967pt x 283.52254pt.
<_myDissertation_files/figure-latex/nAggsPerYear-1.pdf, id=3040, 463.7325pt x 3
16.18124pt>
File: _myDissertation_files/figure-latex/nAggsPerYear-1.pdf Graphic file (type 
pdf)
<use _myDissertation_files/figure-latex/nAggsPerYear-1.pdf>
Package pdftex.def Info: _myDissertation_files/figure-latex/nAggsPerYear-1.pdf 
 used on input line 1664.
(pdftex.def)             Requested size: 368.57967pt x 251.30981pt.
<.//chapterFiles/discontinuityAnalysis/figsCalledInDiss/distEdge_corrplot.png, 
id=3041, 1204.5pt x 1355.0625pt>
File: .//chapterFiles/discontinuityAnalysis/figsCalledInDiss/distEdge_corrplot.
png Graphic file (type png)
<use .//chapterFiles/discontinuityAnalysis/figsCalledInDiss/distEdge_corrplot.p
ng>
Package pdftex.def Info: .//chapterFiles/discontinuityAnalysis/figsCalledInDiss
/distEdge_corrplot.png  used on input line 1667.
(pdftex.def)             Requested size: 368.57967pt x 414.64778pt.
<.//chapterFiles/discontinuityAnalysis/figsCalledInDiss/routeGapEx.png, id=3042
, 1957.3125pt x 1505.625pt>
File: .//chapterFiles/discontinuityAnalysis/figsCalledInDiss/routeGapEx.png Gra
phic file (type png)
<use .//chapterFiles/discontinuityAnalysis/figsCalledInDiss/routeGapEx.png>
Package pdftex.def Info: .//chapterFiles/discontinuityAnalysis/figsCalledInDiss
/routeGapEx.png  used on input line 1670.
(pdftex.def)             Requested size: 368.57967pt x 283.5216pt.
[168 <./_myDissertation_files/figure-latex/nRtesPerRegimePerYearFig-1.pdf>] [16
9 <.//chapterFiles/discontinuityAnalysis/figsCalledInDiss/richnessByYear.png>] 
[170 <.//chapterFiles/discontinuityAnalysis/figsCalledInDiss/turnoverByYear.png
>]
<.//chapterFiles/discontinuityAnalysis/figsCalledInDiss/bmDistPerSppGroup.png, 
id=3077, 469.755pt x 361.35pt>
File: .//chapterFiles/discontinuityAnalysis/figsCalledInDiss/bmDistPerSppGroup.
png Graphic file (type png)
<use .//chapterFiles/discontinuityAnalysis/figsCalledInDiss/bmDistPerSppGroup.p
ng>
Package pdftex.def Info: .//chapterFiles/discontinuityAnalysis/figsCalledInDiss
/bmDistPerSppGroup.png  used on input line 1708.
(pdftex.def)             Requested size: 368.57967pt x 283.52254pt.
<.//chapterFiles/discontinuityAnalysis/figsCalledInDiss/bmDistPerSppGroup-byReg
ime.png, id=3078, 469.755pt x 361.35pt>
File: .//chapterFiles/discontinuityAnalysis/figsCalledInDiss/bmDistPerSppGroup-
byRegime.png Graphic file (type png)
<use .//chapterFiles/discontinuityAnalysis/figsCalledInDiss/bmDistPerSppGroup-b
yRegime.png>
Package pdftex.def Info: .//chapterFiles/discontinuityAnalysis/figsCalledInDiss
/bmDistPerSppGroup-byRegime.png  used on input line 1711.
(pdftex.def)             Requested size: 368.57967pt x 283.52254pt.
<.//chapterFiles/discontinuityAnalysis/figsCalledInDiss/bmDistPerSppGroup-byBCR
.png, id=3079, 469.755pt x 361.35pt>
File: .//chapterFiles/discontinuityAnalysis/figsCalledInDiss/bmDistPerSppGroup-
byBCR.png Graphic file (type png)
<use .//chapterFiles/discontinuityAnalysis/figsCalledInDiss/bmDistPerSppGroup-b
yBCR.png>
Package pdftex.def Info: .//chapterFiles/discontinuityAnalysis/figsCalledInDiss
/bmDistPerSppGroup-byBCR.png  used on input line 1714.
(pdftex.def)             Requested size: 368.57967pt x 283.52254pt.
[171 <.//chapterFiles/discontinuityAnalysis/figsCalledInDiss/intrxnPlot_regime.
png>] [172 <.//chapterFiles/discontinuityAnalysis/figsCalledInDiss/intrxnPlot_r
egime1.png>] [173 <.//chapterFiles/discontinuityAnalysis/figsCalledInDiss/stopT
otal-byBCR-logSum.png>] [174 <.//chapterFiles/discontinuityAnalysis/figsCalledI
nDiss/stopTotal-byBCR-mean.png>] [175 <.//chapterFiles/discontinuityAnalysis/fi
gsCalledInDiss/stopTotal-byBCR-CV.png>] [176 <./_myDissertation_files/figure-la
tex/nAggsPerYear-1.pdf>] [177 <.//chapterFiles/discontinuityAnalysis/figsCalled
InDiss/distEdge_corrplot.png>] [178 <.//chapterFiles/discontinuityAnalysis/figs
CalledInDiss/routeGapEx.png>] [179 <.//chapterFiles/discontinuityAnalysis/figsC
alledInDiss/bmDistPerSppGroup.png>] [180 <.//chapterFiles/discontinuityAnalysis
/figsCalledInDiss/bmDistPerSppGroup-byRegime.png>] [181 <.//chapterFiles/discon
tinuityAnalysis/figsCalledInDiss/bmDistPerSppGroup-byBCR.png>] [182

] [183] [184] [185]
LaTeX Font Info:    Font shape `OMS/lmr/m/it' in size <12> not available
(Font)              Font shape `OMS/lmsy/m/n' tried instead on input line 1775.

[186

]
Overfull \hbox (27.8059pt too wide) in paragraph at lines 1787--1788
\OT1/lmr/m/n/12 Package vi-gnette is avail-able at []$\OT1/lmtt/m/n/12 https : 
/ / github . com / TrashBirdEcology / bbsAssistant /
 []


Overfull \hbox (68.84981pt too wide) in paragraph at lines 1792--1793
\OT1/lmr/m/n/12 For func-tions and de-scrip-tions please see the man-ual at []g
ithub.com/bbsAssistant/tree/master/man[]. 
 []

[187]pdfTeX warning (ext4): destination with the same identifier (name{section.
Alph0.1}) has been already used, duplicate ignored
<to be read again> 
                   \relax 
l.1806 ...ckage Summary}\label{package-summary-1}}
                                                  
Overfull \hbox (16.9606pt too wide) in paragraph at lines 1824--1825
\OT1/lmr/m/n/12 file at []$\OT1/lmtt/m/n/12 https : / / github . com / TrashBir
dEcology / regimeDetectionMeasures / archive /
 []


Overfull \hbox (24.44102pt too wide) in paragraph at lines 1824--1825
\OT1/lmtt/m/n/12 master . zip$[] \OT1/lmr/m/n/12 or at []$\OT1/lmtt/m/n/12 http
s : / / github . com / TrashBirdEcology / regimeDetectionMeasures$[]\OT1/lmr/m/
n/12 . 
 []

pdfTeX warning (ext4): destination with the same identifier (name{section.Alph0
.2}) has been already used, duplicate ignored
<to be read again> 
                   \relax 
l.1827 ...Package Manual}\label{package-manual-1}}
                                                  
Overfull \hbox (68.84981pt too wide) in paragraph at lines 1829--1830
\OT1/lmr/m/n/12 For func-tions and de-scrip-tions please see the man-ual at []g
ithub.com/bbsAssistant/tree/master/man[]. 
 []

[188

] [189]
LaTeX Font Info:    Font shape `OT1/lmtt/bx/n' in size <14.4> not available
(Font)              Font shape `OT1/lmtt/b/n' tried instead on input line 1832.

pdfTeX warning (ext4): destination with the same identifier (name{section.Alph0
.3}) has been already used, duplicate ignored
<to be read again> 
                   \relax 
l.1838 ...age Vignette}\label{package-vignette-1}}
                                                  pdfTeX warning (ext4): destin
ation with the same identifier (name{section.Alph0.4}) has been already used, d
uplicate ignored
<to be read again> 
                   \relax 
l.1843 ...Package Manual}\label{package-manual-2}}
                                                  
Overfull \hbox (50.04655pt too wide) in paragraph at lines 1845--1846
\OT1/lmr/m/n/12 For func-tions and de-scrip-tions please see the man-ual at []g
ithub.com/bbsRDM/tree/master/man[]. 
 []

[190

]pdfTeX warning (ext4): destination with the same identifier (name{section.Alph
0.1}) has been already used, duplicate ignored
<to be read again> 
                   \relax 
l.1856 ... function}\label{neutral.null-function}}
                                                   [191

]pdfTeX warning (ext4): destination with the same identifier (name{section.Alph
0.2}) has been already used, duplicate ignored
<to be read again> 
                   \relax 
l.1892 ...Function}\label{bootstrapping-function}}
                                                  
Overfull \hbox (3.71036pt too wide) in paragraph at lines 1898--1909
\OT1/lmr/m/n/12 for (i in 1:Sam-ple.N) \OMS/lmsy/m/n/12 f \OT1/lmr/m/n/12 #sam-
ple the null model rand.N \OML/lmm/m/it/12 <\OT1/lmr/m/n/12 - sample(NNull$\OML
/lmm/m/it/12 x; N; replace \OT1/lmr/m/n/12 =
 []


Overfull \hbox (40.10281pt too wide) in paragraph at lines 1910--1920
[]\OT1/lmr/m/n/12 # gen-er-ate gaps gaps.log10.data \OML/lmm/m/it/12 <\OT1/lmr/
m/n/12 - diff(log10.data) gaps.null.samples \OML/lmm/m/it/12 <\OT1/lmr/m/n/12 -
 diff(null.samples,
 []

[192] [193

] [194] [195] [196] [197] [198] [199] [200]
Overfull \hbox (1.11887pt too wide) in paragraph at lines 2164--2166
 [][]\OT1/lmr/m/n/12 Fisher, R.A. (1922) On the Math-e-mat-i-cal Foun-da-tions 
of The-o-ret-i-cal Statis-tics. \OT1/lmr/m/it/12 Philo-
 []

[201] [202] [203] [204] [205] [206]
Overfull \hbox (0.18083pt too wide) in paragraph at lines 2332--2334
 [][]\OT1/lmr/m/n/12 Mckenney, D.W., Ped-lar, J.H., Lawrence, K., Pa-padopol, P
., Camp-bell, K. & Hutchin-
 []

[207] [208] [209] [210] [211] [212] [213] [214] [215] [216]
Overfull \hbox (1.06624pt too wide) in paragraph at lines 2605--2607
 [][]\OT1/lmr/m/n/12 Ye, H., Beamish, R.J., Glaser, S.M., Grant, S.C., Hsieh, C
.-h., Richards, L.J., Schnute,
 []


Overfull \hbox (0.7042pt too wide) in paragraph at lines 2614--2616
 [][]\OT1/lmr/m/n/12 Zhou, T. & Shumway, R. (2008) One-step ap-prox-i-ma-tions 
for de-tect-ing regime changes
 []

[217]

Class memoir Warning: The material used in the footer is too large
(10.14995pt) for the given foot skip (0.0pt), it is recommended to
either increase the foot skip or redesign the fotoer
(in both cases you will find help in the memoir manual). on input line 2640.

[218]
\tf@toc=\write5
\openout5 = `_myDissertation.toc'.

\tf@lot=\write6
\openout6 = `_myDissertation.lot'.

\tf@lof=\write7
\openout7 = `_myDissertation.lof'.

Package atveryend Info: Empty hook `BeforeClearDocument' on input line 2640.
Package atveryend Info: Empty hook `AfterLastShipout' on input line 2640.
(./_myDissertation.aux)
Package atveryend Info: Executing hook `AtVeryEndDocument' on input line 2640.
Package atveryend Info: Executing hook `AtEndAfterFileList' on input line 2640.

Package rerunfilecheck Info: File `_myDissertation.out' has not changed.
(rerunfilecheck)             Checksum: FE35C83A909441B0E3D674D36ABA91C2;11342.

LaTeX Warning: There were multiply-defined labels.

Package atveryend Info: Empty hook `AtVeryVeryEnd' on input line 2640.
 ) 
Here is how much of TeX's memory you used:
 14827 strings out of 492649
 244705 string characters out of 6129622
 456208 words of memory out of 5000000
 17532 multiletter control sequences out of 15000+600000
 76620 words of font info for 90 fonts, out of 8000000 for 9000
 1141 hyphenation exceptions out of 8191
 40i,15n,52p,3551b,635s stack positions out of 5000i,500n,10000p,200000b,80000s
{/usr/local/texlive/2018/texmf-dist/fonts/enc/dvips/lm/lm-mathsy.enc}{/usr/lo
cal/texlive/2018/texmf-dist/fonts/enc/dvips/lm/lm-mathex.enc}{/usr/local/texliv
e/2018/texmf-dist/fonts/enc/dvips/lm/lm-rm.enc}{/usr/local/texlive/2018/texmf-d
ist/fonts/enc/dvips/lm/lm-rmtt.enc}{/usr/local/texlive/2018/texmf-dist/fonts/en
c/dvips/lm/lm-mathit.enc}</usr/local/texlive/2018/texmf-dist/fonts/type1/public
/lm/lmbx10.pfb></usr/local/texlive/2018/texmf-dist/fonts/type1/public/lm/lmbx12
.pfb></usr/local/texlive/2018/texmf-dist/fonts/type1/public/lm/lmbxi10.pfb></us
r/local/texlive/2018/texmf-dist/fonts/type1/public/lm/lmex10.pfb></usr/local/te
xlive/2018/texmf-dist/fonts/type1/public/lm/lmmi12.pfb></usr/local/texlive/2018
/texmf-dist/fonts/type1/public/lm/lmmi6.pfb></usr/local/texlive/2018/texmf-dist
/fonts/type1/public/lm/lmmi8.pfb></usr/local/texlive/2018/texmf-dist/fonts/type
1/public/lm/lmr10.pfb></usr/local/texlive/2018/texmf-dist/fonts/type1/public/lm
/lmr12.pfb></usr/local/texlive/2018/texmf-dist/fonts/type1/public/lm/lmr6.pfb><
/usr/local/texlive/2018/texmf-dist/fonts/type1/public/lm/lmr7.pfb></usr/local/t
exlive/2018/texmf-dist/fonts/type1/public/lm/lmr8.pfb></usr/local/texlive/2018/
texmf-dist/fonts/type1/public/lm/lmri10.pfb></usr/local/texlive/2018/texmf-dist
/fonts/type1/public/lm/lmri12.pfb></usr/local/texlive/2018/texmf-dist/fonts/typ
e1/public/lm/lmsy10.pfb></usr/local/texlive/2018/texmf-dist/fonts/type1/public/
lm/lmsy6.pfb></usr/local/texlive/2018/texmf-dist/fonts/type1/public/lm/lmsy8.pf
b></usr/local/texlive/2018/texmf-dist/fonts/type1/public/lm/lmtk10.pfb></usr/lo
cal/texlive/2018/texmf-dist/fonts/type1/public/lm/lmtt12.pfb>
Output written on _myDissertation.pdf (244 pages, 9067362 bytes).
PDF statistics:
 3731 PDF objects out of 4296 (max. 8388607)
 3264 compressed objects within 33 object streams
 880 named destinations out of 1000 (max. 500000)
 1456 words of extra memory for PDF output out of 10000 (max. 10000000)

